CRITICAL - 2023-05-22 12:27:16 --> Unsupported operand types: stdClass + int
in APPPATH\Models\Order.php on line 39.
 1 APPPATH\Models\Order.php(59): App\Models\Order->orderIdGen()
 2 APPPATH\Controllers\OrderController.php(17): App\Models\Order->clientOrder([...])
 3 SYSTEMPATH\CodeIgniter.php(934): App\Controllers\OrderController->clientPay()
 4 SYSTEMPATH\CodeIgniter.php(499): CodeIgniter\CodeIgniter->runController(Object(App\Controllers\OrderController))
 5 SYSTEMPATH\CodeIgniter.php(368): CodeIgniter\CodeIgniter->handleRequest(null, Object(Config\Cache), false)
 6 FCPATH\index.php(67): CodeIgniter\CodeIgniter->run()
 7 SYSTEMPATH\Commands\Server\rewrite.php(47): require_once('C:\\Users\\Yasit\\Desktop\\Bhasha\\CI-AJAX\\public\\index.php')
CRITICAL - 2023-05-22 12:30:38 --> Unsupported operand types: stdClass + int
in APPPATH\Models\Order.php on line 39.
 1 APPPATH\Models\Order.php(59): App\Models\Order->orderIdGen()
 2 APPPATH\Controllers\OrderController.php(17): App\Models\Order->clientOrder([...])
 3 SYSTEMPATH\CodeIgniter.php(934): App\Controllers\OrderController->clientPay()
 4 SYSTEMPATH\CodeIgniter.php(499): CodeIgniter\CodeIgniter->runController(Object(App\Controllers\OrderController))
 5 SYSTEMPATH\CodeIgniter.php(368): CodeIgniter\CodeIgniter->handleRequest(null, Object(Config\Cache), false)
 6 FCPATH\index.php(67): CodeIgniter\CodeIgniter->run()
 7 SYSTEMPATH\Commands\Server\rewrite.php(47): require_once('C:\\Users\\Yasit\\Desktop\\Bhasha\\CI-AJAX\\public\\index.php')
ERROR - 2023-05-22 12:35:12 --> Object of class stdClass could not be converted to int
CRITICAL - 2023-05-22 12:35:12 --> An error occurred while inserting the student.
in APPPATH\Models\Order.php on line 47.
 1 APPPATH\Models\Order.php(59): App\Models\Order->orderIdGen()
 2 APPPATH\Controllers\OrderController.php(17): App\Models\Order->clientOrder([...])
 3 SYSTEMPATH\CodeIgniter.php(934): App\Controllers\OrderController->clientPay()
 4 SYSTEMPATH\CodeIgniter.php(499): CodeIgniter\CodeIgniter->runController(Object(App\Controllers\OrderController))
 5 SYSTEMPATH\CodeIgniter.php(368): CodeIgniter\CodeIgniter->handleRequest(null, Object(Config\Cache), false)
 6 FCPATH\index.php(67): CodeIgniter\CodeIgniter->run()
 7 SYSTEMPATH\Commands\Server\rewrite.php(47): require_once('C:\\Users\\Yasit\\Desktop\\Bhasha\\CI-AJAX\\public\\index.php')
ALERT - 2023-05-22 12:35:53 --> Object of class stdClass could not be converted to int
CRITICAL - 2023-05-22 12:35:53 --> An error occurred while inserting the Order.
in APPPATH\Models\Order.php on line 47.
 1 APPPATH\Models\Order.php(59): App\Models\Order->orderIdGen()
 2 APPPATH\Controllers\OrderController.php(17): App\Models\Order->clientOrder([...])
 3 SYSTEMPATH\CodeIgniter.php(934): App\Controllers\OrderController->clientPay()
 4 SYSTEMPATH\CodeIgniter.php(499): CodeIgniter\CodeIgniter->runController(Object(App\Controllers\OrderController))
 5 SYSTEMPATH\CodeIgniter.php(368): CodeIgniter\CodeIgniter->handleRequest(null, Object(Config\Cache), false)
 6 FCPATH\index.php(67): CodeIgniter\CodeIgniter->run()
 7 SYSTEMPATH\Commands\Server\rewrite.php(47): require_once('C:\\Users\\Yasit\\Desktop\\Bhasha\\CI-AJAX\\public\\index.php')
INFO - 2023-05-22 12:39:11 --> Session: Class initialized using 'CodeIgniter\Session\Handlers\FileHandler' driver.
ERROR - 2023-05-22 12:39:24 --> mysqli_sql_exception: Duplicate entry '2' for key 'PRIMARY' in C:\Users\Yasit\Desktop\Bhasha\CI-AJAX\system\Database\MySQLi\Connection.php:295
Stack trace:
#0 C:\Users\Yasit\Desktop\Bhasha\CI-AJAX\system\Database\MySQLi\Connection.php(295): mysqli->query('INSERT INTO `or...', 0)
#1 C:\Users\Yasit\Desktop\Bhasha\CI-AJAX\system\Database\BaseConnection.php(692): CodeIgniter\Database\MySQLi\Connection->execute('INSERT INTO `or...')
#2 C:\Users\Yasit\Desktop\Bhasha\CI-AJAX\system\Database\BaseConnection.php(606): CodeIgniter\Database\BaseConnection->simpleQuery('INSERT INTO `or...')
#3 C:\Users\Yasit\Desktop\Bhasha\CI-AJAX\system\Database\BaseBuilder.php(2309): CodeIgniter\Database\BaseConnection->query('INSERT INTO `or...', Array, false)
#4 C:\Users\Yasit\Desktop\Bhasha\CI-AJAX\app\Models\Order.php(107): CodeIgniter\Database\BaseBuilder->insert(Array)
#5 C:\Users\Yasit\Desktop\Bhasha\CI-AJAX\app\Controllers\OrderController.php(17): App\Models\Order->clientOrder(Array)
#6 C:\Users\Yasit\Desktop\Bhasha\CI-AJAX\system\CodeIgniter.php(934): App\Controllers\OrderController->clientPay()
#7 C:\Users\Yasit\Desktop\Bhasha\CI-AJAX\system\CodeIgniter.php(499): CodeIgniter\CodeIgniter->runController(Object(App\Controllers\OrderController))
#8 C:\Users\Yasit\Desktop\Bhasha\CI-AJAX\system\CodeIgniter.php(368): CodeIgniter\CodeIgniter->handleRequest(NULL, Object(Config\Cache), false)
#9 C:\Users\Yasit\Desktop\Bhasha\CI-AJAX\public\index.php(67): CodeIgniter\CodeIgniter->run()
#10 C:\Users\Yasit\Desktop\Bhasha\CI-AJAX\system\Commands\Server\rewrite.php(47): require_once('C:\\Users\\Yasit\\...')
#11 {main}
CRITICAL - 2023-05-22 12:39:24 --> Duplicate entry '2' for key 'PRIMARY'
in SYSTEMPATH\Database\MySQLi\Connection.php on line 295.
 1 SYSTEMPATH\Database\MySQLi\Connection.php(295): mysqli->query('INSERT INTO `orders` (`order_id`, `cID`, `sID`, `order_title`, `fee`, `email`, `status`) VALUES (2, \'IT100\', \'19\', \'BScCNSE\', \'150000\', \'chandulayasith@gmail.com\', \'0\')', 0)
 2 SYSTEMPATH\Database\BaseConnection.php(692): CodeIgniter\Database\MySQLi\Connection->execute('INSERT INTO `orders` (`order_id`, `cID`, `sID`, `order_title`, `fee`, `email`, `status`) VALUES (2, \'IT100\', \'19\', \'BScCNSE\', \'150000\', \'chandulayasith@gmail.com\', \'0\')')
 3 SYSTEMPATH\Database\BaseConnection.php(606): CodeIgniter\Database\BaseConnection->simpleQuery('INSERT INTO `orders` (`order_id`, `cID`, `sID`, `order_title`, `fee`, `email`, `status`) VALUES (2, \'IT100\', \'19\', \'BScCNSE\', \'150000\', \'chandulayasith@gmail.com\', \'0\')')
 4 SYSTEMPATH\Database\BaseBuilder.php(2309): CodeIgniter\Database\BaseConnection->query('INSERT INTO `orders` (`order_id`, `cID`, `sID`, `order_title`, `fee`, `email`, `status`) VALUES (:order_id:, :cID:, :sID:, :order_title:, :fee:, :email:, :status:)', [...], false)
 5 APPPATH\Models\Order.php(107): CodeIgniter\Database\BaseBuilder->insert([...])
 6 APPPATH\Controllers\OrderController.php(17): App\Models\Order->clientOrder([...])
 7 SYSTEMPATH\CodeIgniter.php(934): App\Controllers\OrderController->clientPay()
 8 SYSTEMPATH\CodeIgniter.php(499): CodeIgniter\CodeIgniter->runController(Object(App\Controllers\OrderController))
 9 SYSTEMPATH\CodeIgniter.php(368): CodeIgniter\CodeIgniter->handleRequest(null, Object(Config\Cache), false)
10 FCPATH\index.php(67): CodeIgniter\CodeIgniter->run()
11 SYSTEMPATH\Commands\Server\rewrite.php(47): require_once('C:\\Users\\Yasit\\Desktop\\Bhasha\\CI-AJAX\\public\\index.php')
ERROR - 2023-05-22 12:39:56 --> mysqli_sql_exception: Duplicate entry '2' for key 'PRIMARY' in C:\Users\Yasit\Desktop\Bhasha\CI-AJAX\system\Database\MySQLi\Connection.php:295
Stack trace:
#0 C:\Users\Yasit\Desktop\Bhasha\CI-AJAX\system\Database\MySQLi\Connection.php(295): mysqli->query('INSERT INTO `or...', 0)
#1 C:\Users\Yasit\Desktop\Bhasha\CI-AJAX\system\Database\BaseConnection.php(692): CodeIgniter\Database\MySQLi\Connection->execute('INSERT INTO `or...')
#2 C:\Users\Yasit\Desktop\Bhasha\CI-AJAX\system\Database\BaseConnection.php(606): CodeIgniter\Database\BaseConnection->simpleQuery('INSERT INTO `or...')
#3 C:\Users\Yasit\Desktop\Bhasha\CI-AJAX\system\Database\BaseBuilder.php(2309): CodeIgniter\Database\BaseConnection->query('INSERT INTO `or...', Array, false)
#4 C:\Users\Yasit\Desktop\Bhasha\CI-AJAX\app\Models\Order.php(107): CodeIgniter\Database\BaseBuilder->insert(Array)
#5 C:\Users\Yasit\Desktop\Bhasha\CI-AJAX\app\Controllers\OrderController.php(17): App\Models\Order->clientOrder(Array)
#6 C:\Users\Yasit\Desktop\Bhasha\CI-AJAX\system\CodeIgniter.php(934): App\Controllers\OrderController->clientPay()
#7 C:\Users\Yasit\Desktop\Bhasha\CI-AJAX\system\CodeIgniter.php(499): CodeIgniter\CodeIgniter->runController(Object(App\Controllers\OrderController))
#8 C:\Users\Yasit\Desktop\Bhasha\CI-AJAX\system\CodeIgniter.php(368): CodeIgniter\CodeIgniter->handleRequest(NULL, Object(Config\Cache), false)
#9 C:\Users\Yasit\Desktop\Bhasha\CI-AJAX\public\index.php(67): CodeIgniter\CodeIgniter->run()
#10 C:\Users\Yasit\Desktop\Bhasha\CI-AJAX\system\Commands\Server\rewrite.php(47): require_once('C:\\Users\\Yasit\\...')
#11 {main}
CRITICAL - 2023-05-22 12:39:56 --> Duplicate entry '2' for key 'PRIMARY'
in SYSTEMPATH\Database\MySQLi\Connection.php on line 295.
 1 SYSTEMPATH\Database\MySQLi\Connection.php(295): mysqli->query('INSERT INTO `orders` (`order_id`, `cID`, `sID`, `order_title`, `fee`, `email`, `status`) VALUES (2, \'IT100\', \'19\', \'BScCNSE\', \'150000\', \'chandulayasith@gmail.com\', \'0\')', 0)
 2 SYSTEMPATH\Database\BaseConnection.php(692): CodeIgniter\Database\MySQLi\Connection->execute('INSERT INTO `orders` (`order_id`, `cID`, `sID`, `order_title`, `fee`, `email`, `status`) VALUES (2, \'IT100\', \'19\', \'BScCNSE\', \'150000\', \'chandulayasith@gmail.com\', \'0\')')
 3 SYSTEMPATH\Database\BaseConnection.php(606): CodeIgniter\Database\BaseConnection->simpleQuery('INSERT INTO `orders` (`order_id`, `cID`, `sID`, `order_title`, `fee`, `email`, `status`) VALUES (2, \'IT100\', \'19\', \'BScCNSE\', \'150000\', \'chandulayasith@gmail.com\', \'0\')')
 4 SYSTEMPATH\Database\BaseBuilder.php(2309): CodeIgniter\Database\BaseConnection->query('INSERT INTO `orders` (`order_id`, `cID`, `sID`, `order_title`, `fee`, `email`, `status`) VALUES (:order_id:, :cID:, :sID:, :order_title:, :fee:, :email:, :status:)', [...], false)
 5 APPPATH\Models\Order.php(107): CodeIgniter\Database\BaseBuilder->insert([...])
 6 APPPATH\Controllers\OrderController.php(17): App\Models\Order->clientOrder([...])
 7 SYSTEMPATH\CodeIgniter.php(934): App\Controllers\OrderController->clientPay()
 8 SYSTEMPATH\CodeIgniter.php(499): CodeIgniter\CodeIgniter->runController(Object(App\Controllers\OrderController))
 9 SYSTEMPATH\CodeIgniter.php(368): CodeIgniter\CodeIgniter->handleRequest(null, Object(Config\Cache), false)
10 FCPATH\index.php(67): CodeIgniter\CodeIgniter->run()
11 SYSTEMPATH\Commands\Server\rewrite.php(47): require_once('C:\\Users\\Yasit\\Desktop\\Bhasha\\CI-AJAX\\public\\index.php')
INFO - 2023-05-22 12:40:31 --> Session: Class initialized using 'CodeIgniter\Session\Handlers\FileHandler' driver.
INFO - 2023-05-22 12:40:33 --> Session: Class initialized using 'CodeIgniter\Session\Handlers\FileHandler' driver.
INFO - 2023-05-22 12:41:00 --> Session: Class initialized using 'CodeIgniter\Session\Handlers\FileHandler' driver.
INFO - 2023-05-22 12:41:56 --> Session: Class initialized using 'CodeIgniter\Session\Handlers\FileHandler' driver.
INFO - 2023-05-22 12:42:04 --> Session: Class initialized using 'CodeIgniter\Session\Handlers\FileHandler' driver.
INFO - 2023-05-22 12:42:52 --> Session: Class initialized using 'CodeIgniter\Session\Handlers\FileHandler' driver.
INFO - 2023-05-22 12:42:53 --> Session: Class initialized using 'CodeIgniter\Session\Handlers\FileHandler' driver.
INFO - 2023-05-22 12:43:55 --> Session: Class initialized using 'CodeIgniter\Session\Handlers\FileHandler' driver.
INFO - 2023-05-22 12:43:56 --> Session: Class initialized using 'CodeIgniter\Session\Handlers\FileHandler' driver.
INFO - 2023-05-22 12:47:17 --> Session: Class initialized using 'CodeIgniter\Session\Handlers\FileHandler' driver.
INFO - 2023-05-22 12:47:18 --> Session: Class initialized using 'CodeIgniter\Session\Handlers\FileHandler' driver.
ERROR - 2023-05-22 12:47:39 --> mysqli_sql_exception: Duplicate entry '2' for key 'PRIMARY' in C:\Users\Yasit\Desktop\Bhasha\CI-AJAX\system\Database\MySQLi\Connection.php:295
Stack trace:
#0 C:\Users\Yasit\Desktop\Bhasha\CI-AJAX\system\Database\MySQLi\Connection.php(295): mysqli->query('INSERT INTO `or...', 0)
#1 C:\Users\Yasit\Desktop\Bhasha\CI-AJAX\system\Database\BaseConnection.php(692): CodeIgniter\Database\MySQLi\Connection->execute('INSERT INTO `or...')
#2 C:\Users\Yasit\Desktop\Bhasha\CI-AJAX\system\Database\BaseConnection.php(606): CodeIgniter\Database\BaseConnection->simpleQuery('INSERT INTO `or...')
#3 C:\Users\Yasit\Desktop\Bhasha\CI-AJAX\system\Database\BaseBuilder.php(2309): CodeIgniter\Database\BaseConnection->query('INSERT INTO `or...', Array, false)
#4 C:\Users\Yasit\Desktop\Bhasha\CI-AJAX\app\Models\Order.php(107): CodeIgniter\Database\BaseBuilder->insert(Array)
#5 C:\Users\Yasit\Desktop\Bhasha\CI-AJAX\app\Controllers\OrderController.php(17): App\Models\Order->clientOrder(Array)
#6 C:\Users\Yasit\Desktop\Bhasha\CI-AJAX\system\CodeIgniter.php(934): App\Controllers\OrderController->clientPay()
#7 C:\Users\Yasit\Desktop\Bhasha\CI-AJAX\system\CodeIgniter.php(499): CodeIgniter\CodeIgniter->runController(Object(App\Controllers\OrderController))
#8 C:\Users\Yasit\Desktop\Bhasha\CI-AJAX\system\CodeIgniter.php(368): CodeIgniter\CodeIgniter->handleRequest(NULL, Object(Config\Cache), false)
#9 C:\Users\Yasit\Desktop\Bhasha\CI-AJAX\public\index.php(67): CodeIgniter\CodeIgniter->run()
#10 C:\Users\Yasit\Desktop\Bhasha\CI-AJAX\system\Commands\Server\rewrite.php(47): require_once('C:\\Users\\Yasit\\...')
#11 {main}
CRITICAL - 2023-05-22 12:47:39 --> Duplicate entry '2' for key 'PRIMARY'
in SYSTEMPATH\Database\MySQLi\Connection.php on line 295.
 1 SYSTEMPATH\Database\MySQLi\Connection.php(295): mysqli->query('INSERT INTO `orders` (`order_id`, `cID`, `sID`, `order_title`, `fee`, `email`, `status`) VALUES (2, \'IT100\', \'19\', \'BScCNSE\', \'1500\', \'yasith@gmail.com\', \'0\')', 0)
 2 SYSTEMPATH\Database\BaseConnection.php(692): CodeIgniter\Database\MySQLi\Connection->execute('INSERT INTO `orders` (`order_id`, `cID`, `sID`, `order_title`, `fee`, `email`, `status`) VALUES (2, \'IT100\', \'19\', \'BScCNSE\', \'1500\', \'yasith@gmail.com\', \'0\')')
 3 SYSTEMPATH\Database\BaseConnection.php(606): CodeIgniter\Database\BaseConnection->simpleQuery('INSERT INTO `orders` (`order_id`, `cID`, `sID`, `order_title`, `fee`, `email`, `status`) VALUES (2, \'IT100\', \'19\', \'BScCNSE\', \'1500\', \'yasith@gmail.com\', \'0\')')
 4 SYSTEMPATH\Database\BaseBuilder.php(2309): CodeIgniter\Database\BaseConnection->query('INSERT INTO `orders` (`order_id`, `cID`, `sID`, `order_title`, `fee`, `email`, `status`) VALUES (:order_id:, :cID:, :sID:, :order_title:, :fee:, :email:, :status:)', [...], false)
 5 APPPATH\Models\Order.php(107): CodeIgniter\Database\BaseBuilder->insert([...])
 6 APPPATH\Controllers\OrderController.php(17): App\Models\Order->clientOrder([...])
 7 SYSTEMPATH\CodeIgniter.php(934): App\Controllers\OrderController->clientPay()
 8 SYSTEMPATH\CodeIgniter.php(499): CodeIgniter\CodeIgniter->runController(Object(App\Controllers\OrderController))
 9 SYSTEMPATH\CodeIgniter.php(368): CodeIgniter\CodeIgniter->handleRequest(null, Object(Config\Cache), false)
10 FCPATH\index.php(67): CodeIgniter\CodeIgniter->run()
11 SYSTEMPATH\Commands\Server\rewrite.php(47): require_once('C:\\Users\\Yasit\\Desktop\\Bhasha\\CI-AJAX\\public\\index.php')
