INFO - 2023-06-02 05:49:50 --> Session: Class initialized using 'CodeIgniter\Session\Handlers\FileHandler' driver.
ALERT - 2023-06-02 05:49:55 --> []
INFO - 2023-06-02 05:51:38 --> Session: Class initialized using 'CodeIgniter\Session\Handlers\FileHandler' driver.
INFO - 2023-06-02 05:51:58 --> Session: Class initialized using 'CodeIgniter\Session\Handlers\FileHandler' driver.
INFO - 2023-06-02 05:53:14 --> Session: Class initialized using 'CodeIgniter\Session\Handlers\FileHandler' driver.
INFO - 2023-06-02 05:55:31 --> Session: Class initialized using 'CodeIgniter\Session\Handlers\FileHandler' driver.
INFO - 2023-06-02 05:56:43 --> Session: Class initialized using 'CodeIgniter\Session\Handlers\FileHandler' driver.
INFO - 2023-06-02 05:56:48 --> Session: Class initialized using 'CodeIgniter\Session\Handlers\FileHandler' driver.
INFO - 2023-06-02 05:57:22 --> Session: Class initialized using 'CodeIgniter\Session\Handlers\FileHandler' driver.
ALERT - 2023-06-02 05:57:40 --> "420075042557"
INFO - 2023-06-02 05:58:22 --> Session: Class initialized using 'CodeIgniter\Session\Handlers\FileHandler' driver.
ALERT - 2023-06-02 05:58:25 --> "420075042557"
INFO - 2023-06-02 06:02:18 --> Session: Class initialized using 'CodeIgniter\Session\Handlers\FileHandler' driver.
ALERT - 2023-06-02 06:02:25 --> "420075042557"
ALERT - 2023-06-02 06:13:55 --> "420075042557"
INFO - 2023-06-02 06:27:54 --> Session: Class initialized using 'CodeIgniter\Session\Handlers\FileHandler' driver.
INFO - 2023-06-02 06:32:27 --> Session: Class initialized using 'CodeIgniter\Session\Handlers\FileHandler' driver.
ALERT - 2023-06-02 06:32:31 --> "420075042557"
INFO - 2023-06-02 06:33:02 --> Session: Class initialized using 'CodeIgniter\Session\Handlers\FileHandler' driver.
ALERT - 2023-06-02 06:33:07 --> "420075042557"
INFO - 2023-06-02 06:34:02 --> Session: Class initialized using 'CodeIgniter\Session\Handlers\FileHandler' driver.
ALERT - 2023-06-02 06:34:07 --> "420075042557"
ALERT - 2023-06-02 06:36:25 --> "420075042559"
INFO - 2023-06-02 06:36:31 --> Session: Class initialized using 'CodeIgniter\Session\Handlers\FileHandler' driver.
ALERT - 2023-06-02 06:36:38 --> "420075042557"
INFO - 2023-06-02 06:41:22 --> Session: Class initialized using 'CodeIgniter\Session\Handlers\FileHandler' driver.
ALERT - 2023-06-02 06:41:25 --> "420075042557"
ALERT - 2023-06-02 06:41:46 --> "420075042558"
ALERT - 2023-06-02 06:41:51 --> "420075042561"
ALERT - 2023-06-02 06:42:07 --> "420075042557"
ALERT - 2023-06-02 06:42:09 --> "420075042558"
INFO - 2023-06-02 06:42:37 --> Session: Class initialized using 'CodeIgniter\Session\Handlers\FileHandler' driver.
INFO - 2023-06-02 06:48:59 --> Session: Class initialized using 'CodeIgniter\Session\Handlers\FileHandler' driver.
ALERT - 2023-06-02 06:49:03 --> "420075042557"
ALERT - 2023-06-02 06:49:08 --> "420075042557"
ALERT - 2023-06-02 06:49:17 --> "420075042559"
INFO - 2023-06-02 06:49:51 --> Session: Class initialized using 'CodeIgniter\Session\Handlers\FileHandler' driver.
ALERT - 2023-06-02 06:49:55 --> "420075042557"
ALERT - 2023-06-02 06:50:00 --> "420075042560"
INFO - 2023-06-02 06:50:19 --> Session: Class initialized using 'CodeIgniter\Session\Handlers\FileHandler' driver.
ALERT - 2023-06-02 06:50:20 --> "420075042557"
ALERT - 2023-06-02 06:50:25 --> "420075042557"
INFO - 2023-06-02 06:51:06 --> Session: Class initialized using 'CodeIgniter\Session\Handlers\FileHandler' driver.
ALERT - 2023-06-02 06:51:10 --> "420075042557"
INFO - 2023-06-02 06:51:47 --> Session: Class initialized using 'CodeIgniter\Session\Handlers\FileHandler' driver.
ALERT - 2023-06-02 06:51:52 --> "420075042557"
ALERT - 2023-06-02 06:51:59 --> "420075042558"
INFO - 2023-06-02 06:53:42 --> Session: Class initialized using 'CodeIgniter\Session\Handlers\FileHandler' driver.
ALERT - 2023-06-02 06:53:46 --> "420075042557"
ALERT - 2023-06-02 06:53:51 --> "420075042558"
ALERT - 2023-06-02 06:53:57 --> "420075042564"
ALERT - 2023-06-02 06:53:59 --> "420075042568"
ALERT - 2023-06-02 06:54:07 --> "420075042572"
ALERT - 2023-06-02 06:54:18 --> "420075042572"
ALERT - 2023-06-02 06:54:28 --> "420075042557"
INFO - 2023-06-02 06:56:02 --> Session: Class initialized using 'CodeIgniter\Session\Handlers\FileHandler' driver.
ALERT - 2023-06-02 06:56:07 --> "420075042557"
ALERT - 2023-06-02 06:56:18 --> "420075042557"
ALERT - 2023-06-02 06:56:25 --> "420075042558"
ALERT - 2023-06-02 06:56:30 --> "420075042560"
ALERT - 2023-06-02 06:56:41 --> "420075042562"
ALERT - 2023-06-02 06:56:49 --> "420075042558"
ALERT - 2023-06-02 06:57:07 --> "420075042572"
INFO - 2023-06-02 06:57:38 --> Session: Class initialized using 'CodeIgniter\Session\Handlers\FileHandler' driver.
INFO - 2023-06-02 07:18:19 --> Session: Class initialized using 'CodeIgniter\Session\Handlers\FileHandler' driver.
INFO - 2023-06-02 07:24:43 --> Session: Class initialized using 'CodeIgniter\Session\Handlers\FileHandler' driver.
INFO - 2023-06-02 07:25:32 --> Session: Class initialized using 'CodeIgniter\Session\Handlers\FileHandler' driver.
INFO - 2023-06-02 07:26:06 --> Session: Class initialized using 'CodeIgniter\Session\Handlers\FileHandler' driver.
INFO - 2023-06-02 07:27:12 --> Session: Class initialized using 'CodeIgniter\Session\Handlers\FileHandler' driver.
ALERT - 2023-06-02 07:27:37 --> "420075042557"
INFO - 2023-06-02 09:18:25 --> Session: Class initialized using 'CodeIgniter\Session\Handlers\FileHandler' driver.
INFO - 2023-06-02 09:18:45 --> Session: Class initialized using 'CodeIgniter\Session\Handlers\FileHandler' driver.
INFO - 2023-06-02 09:19:44 --> Session: Class initialized using 'CodeIgniter\Session\Handlers\FileHandler' driver.
INFO - 2023-06-02 09:21:34 --> Session: Class initialized using 'CodeIgniter\Session\Handlers\FileHandler' driver.
INFO - 2023-06-02 09:21:35 --> Session: Class initialized using 'CodeIgniter\Session\Handlers\FileHandler' driver.
INFO - 2023-06-02 09:21:35 --> Session: Class initialized using 'CodeIgniter\Session\Handlers\FileHandler' driver.
ALERT - 2023-06-02 09:21:36 --> {"order":[{"order_id":"179","sID":"19","order_title":"BScCNSE","status_message":"Successfully received the VISA payment","amount":null},{"order_id":"185","sID":"19","order_title":"DIPSN","status_message":"Successfully received the VISA payment","amount":"2500"},{"order_id":"186","sID":"19","order_title":"BScCNSE","status_message":"Successfully received the VISA payment","amount":"1500"},{"order_id":"205","sID":"19","order_title":"CDFS","status_message":"Successfully received the VISA payment","amount":"4575"},{"order_id":"206","sID":"19","order_title":"DIPSN","status_message":"Successfully received the MASTER payment","amount":"2500"}]}
INFO - 2023-06-02 09:43:04 --> Session: Class initialized using 'CodeIgniter\Session\Handlers\FileHandler' driver.
INFO - 2023-06-02 09:43:04 --> Session: Class initialized using 'CodeIgniter\Session\Handlers\FileHandler' driver.
INFO - 2023-06-02 09:43:04 --> Session: Class initialized using 'CodeIgniter\Session\Handlers\FileHandler' driver.
ALERT - 2023-06-02 09:43:06 --> Array
(
    [0] => stdClass Object
        (
            [sID] => 32
            [firstName] => Yasith
            [lastName] => Chandula
            [email] => chandulayasith@gmail.com
            [birthday] => 2023-05-01
            [address] => Payagala
            [city] => Kalutara
            [contactNumber] => 0719682830
            [department] => CSSE
            [course] => BscInCS
            [password] => $2y$10$ZbJw3g9cFPs5/2jjh44zgubYsgBZiTcMRMGiJ41V1vcQGD7f.dFVy
        )

    [1] => stdClass Object
        (
            [sID] => 33
            [firstName] => Harith 
            [lastName] => Silva
            [email] => harith@gmail.com
            [birthday] => 2023-05-02
            [address] => Dodangoda
            [city] => Kalutara
            [contactNumber] => 0714436578
            [department] => Eng
            [course] => ECEng
            [password] => 
        )

    [2] => stdClass Object
        (
            [sID] => 34
            [firstName] => Janith
            [lastName] => Perera
            [email] => janithperera@gmail.com
            [birthday] => 2023-05-09
            [address] => Bandaragama
            [city] => Kalutara
            [contactNumber] => 0754436789
            [department] => DSS
            [course] => CDSS
            [password] => 
        )

)

INFO - 2023-06-02 09:43:09 --> Session: Class initialized using 'CodeIgniter\Session\Handlers\FileHandler' driver.
INFO - 2023-06-02 09:43:09 --> Session: Class initialized using 'CodeIgniter\Session\Handlers\FileHandler' driver.
INFO - 2023-06-02 09:43:13 --> Session: Class initialized using 'CodeIgniter\Session\Handlers\FileHandler' driver.
INFO - 2023-06-02 09:43:24 --> Session: Class initialized using 'CodeIgniter\Session\Handlers\FileHandler' driver.
INFO - 2023-06-02 09:43:25 --> Session: Class initialized using 'CodeIgniter\Session\Handlers\FileHandler' driver.
ALERT - 2023-06-02 09:43:27 --> {"course":[{"id":"6","cID":"IT100","Department":"CNSE","Course":"BScCNSE","fee":"1500"},{"id":"7","cID":"IT101","Department":"DIP","Course":"DIPSN","fee":"2500"},{"id":"8","cID":"IT201","Department":"CSSE","Course":"BSc IN CS","fee":"1250"},{"id":"10","cID":"SE205","Department":"dsadsa","Course":"sdafsfd","fee":"2131120"},{"id":"11","cID":"IT102","Department":"asdas","Course":"asdas","fee":"232"},{"id":"14","cID":"IT500","Department":"DSS","Course":"CDFS","fee":"4575"}]}
INFO - 2023-06-02 09:43:58 --> Session: Class initialized using 'CodeIgniter\Session\Handlers\FileHandler' driver.
INFO - 2023-06-02 10:11:05 --> Session: Class initialized using 'CodeIgniter\Session\Handlers\FileHandler' driver.
INFO - 2023-06-02 10:11:05 --> Session: Class initialized using 'CodeIgniter\Session\Handlers\FileHandler' driver.
INFO - 2023-06-02 10:11:07 --> Session: Class initialized using 'CodeIgniter\Session\Handlers\FileHandler' driver.
INFO - 2023-06-02 10:11:08 --> Session: Class initialized using 'CodeIgniter\Session\Handlers\FileHandler' driver.
INFO - 2023-06-02 10:11:08 --> Session: Class initialized using 'CodeIgniter\Session\Handlers\FileHandler' driver.
ALERT - 2023-06-02 10:11:09 --> Array
(
    [0] => stdClass Object
        (
            [sID] => 32
            [firstName] => Yasith
            [lastName] => Chandula
            [email] => chandulayasith@gmail.com
            [birthday] => 2023-05-01
            [address] => Payagala
            [city] => Kalutara
            [contactNumber] => 0719682830
            [department] => CSSE
            [course] => BscInCS
            [password] => $2y$10$ZbJw3g9cFPs5/2jjh44zgubYsgBZiTcMRMGiJ41V1vcQGD7f.dFVy
        )

    [1] => stdClass Object
        (
            [sID] => 33
            [firstName] => Harith 
            [lastName] => Silva
            [email] => harith@gmail.com
            [birthday] => 2023-05-02
            [address] => Dodangoda
            [city] => Kalutara
            [contactNumber] => 0714436578
            [department] => Eng
            [course] => ECEng
            [password] => 
        )

    [2] => stdClass Object
        (
            [sID] => 34
            [firstName] => Janith
            [lastName] => Perera
            [email] => janithperera@gmail.com
            [birthday] => 2023-05-09
            [address] => Bandaragama
            [city] => Kalutara
            [contactNumber] => 0754436789
            [department] => DSS
            [course] => CDSS
            [password] => 
        )

)

INFO - 2023-06-02 10:11:11 --> Session: Class initialized using 'CodeIgniter\Session\Handlers\FileHandler' driver.
INFO - 2023-06-02 10:11:12 --> Session: Class initialized using 'CodeIgniter\Session\Handlers\FileHandler' driver.
INFO - 2023-06-02 10:11:12 --> Session: Class initialized using 'CodeIgniter\Session\Handlers\FileHandler' driver.
ALERT - 2023-06-02 10:11:13 --> {"order":[{"order_id":"179","sID":"19","order_title":"BScCNSE","status_message":"Successfully received the VISA payment","amount":null,"payment_id":null},{"order_id":"185","sID":"19","order_title":"DIPSN","status_message":"Successfully received the VISA payment","amount":"2500","payment_id":null},{"order_id":"186","sID":"19","order_title":"BScCNSE","status_message":"Successfully received the VISA payment","amount":"1500","payment_id":null},{"order_id":"205","sID":"19","order_title":"CDFS","status_message":"Successfully received the VISA payment","amount":"4575","payment_id":null},{"order_id":"206","sID":"19","order_title":"DIPSN","status_message":"Successfully received the MASTER payment","amount":"2500","payment_id":null}]}
ALERT - 2023-06-02 10:11:19 --> 31
ALERT - 2023-06-02 10:11:54 --> 32
INFO - 2023-06-02 10:12:18 --> Session: Class initialized using 'CodeIgniter\Session\Handlers\FileHandler' driver.
INFO - 2023-06-02 10:12:19 --> Session: Class initialized using 'CodeIgniter\Session\Handlers\FileHandler' driver.
INFO - 2023-06-02 10:12:19 --> Session: Class initialized using 'CodeIgniter\Session\Handlers\FileHandler' driver.
ALERT - 2023-06-02 10:12:21 --> {"order":[{"order_id":"179","sID":"19","order_title":"BScCNSE","status_message":"Successfully received the VISA payment","amount":null,"payment_id":null},{"order_id":"185","sID":"19","order_title":"DIPSN","status_message":"Successfully received the VISA payment","amount":"2500","payment_id":null},{"order_id":"186","sID":"19","order_title":"BScCNSE","status_message":"Successfully received the VISA payment","amount":"1500","payment_id":null},{"order_id":"205","sID":"19","order_title":"CDFS","status_message":"Successfully received the VISA payment","amount":"4575","payment_id":null},{"order_id":"206","sID":"19","order_title":"DIPSN","status_message":"Successfully received the MASTER payment","amount":"2500","payment_id":null}]}
INFO - 2023-06-02 10:12:48 --> Session: Class initialized using 'CodeIgniter\Session\Handlers\FileHandler' driver.
INFO - 2023-06-02 10:12:49 --> Session: Class initialized using 'CodeIgniter\Session\Handlers\FileHandler' driver.
INFO - 2023-06-02 10:12:49 --> Session: Class initialized using 'CodeIgniter\Session\Handlers\FileHandler' driver.
ALERT - 2023-06-02 10:12:50 --> {"order":[{"order_id":"179","sID":"19","order_title":"BScCNSE","status_message":"Successfully received the VISA payment","amount":null,"payment_id":null},{"order_id":"185","sID":"19","order_title":"DIPSN","status_message":"Successfully received the VISA payment","amount":"2500","payment_id":null},{"order_id":"186","sID":"19","order_title":"BScCNSE","status_message":"Successfully received the VISA payment","amount":"1500","payment_id":null},{"order_id":"205","sID":"19","order_title":"CDFS","status_message":"Successfully received the VISA payment","amount":"4575","payment_id":null},{"order_id":"206","sID":"19","order_title":"DIPSN","status_message":"Successfully received the MASTER payment","amount":"2500","payment_id":null}]}
ALERT - 2023-06-02 10:12:56 --> 129
INFO - 2023-06-02 11:02:35 --> Session: Class initialized using 'CodeIgniter\Session\Handlers\FileHandler' driver.
INFO - 2023-06-02 11:02:42 --> Session: Class initialized using 'CodeIgniter\Session\Handlers\FileHandler' driver.
INFO - 2023-06-02 11:02:42 --> Session: Class initialized using 'CodeIgniter\Session\Handlers\FileHandler' driver.
INFO - 2023-06-02 11:02:44 --> Session: Class initialized using 'CodeIgniter\Session\Handlers\FileHandler' driver.
INFO - 2023-06-02 11:02:44 --> Session: Class initialized using 'CodeIgniter\Session\Handlers\FileHandler' driver.
INFO - 2023-06-02 11:02:44 --> Session: Class initialized using 'CodeIgniter\Session\Handlers\FileHandler' driver.
ALERT - 2023-06-02 11:02:45 --> Array
(
    [0] => stdClass Object
        (
            [sID] => 32
            [firstName] => Yasith
            [lastName] => Chandula
            [email] => chandulayasith@gmail.com
            [birthday] => 2023-05-01
            [address] => Payagala
            [city] => Kalutara
            [contactNumber] => 0719682830
            [department] => CSSE
            [course] => BscInCS
            [password] => $2y$10$ZbJw3g9cFPs5/2jjh44zgubYsgBZiTcMRMGiJ41V1vcQGD7f.dFVy
        )

    [1] => stdClass Object
        (
            [sID] => 33
            [firstName] => Harith 
            [lastName] => Silva
            [email] => harith@gmail.com
            [birthday] => 2023-05-02
            [address] => Dodangoda
            [city] => Kalutara
            [contactNumber] => 0714436578
            [department] => Eng
            [course] => ECEng
            [password] => 
        )

    [2] => stdClass Object
        (
            [sID] => 34
            [firstName] => Janith
            [lastName] => Perera
            [email] => janithperera@gmail.com
            [birthday] => 2023-05-09
            [address] => Bandaragama
            [city] => Kalutara
            [contactNumber] => 0754436789
            [department] => DSS
            [course] => CDSS
            [password] => 
        )

)

INFO - 2023-06-02 11:03:05 --> Session: Class initialized using 'CodeIgniter\Session\Handlers\FileHandler' driver.
INFO - 2023-06-02 11:03:05 --> Session: Class initialized using 'CodeIgniter\Session\Handlers\FileHandler' driver.
INFO - 2023-06-02 11:03:05 --> Session: Class initialized using 'CodeIgniter\Session\Handlers\FileHandler' driver.
ALERT - 2023-06-02 11:03:07 --> {"order":[{"order_id":"179","sID":"19","order_title":"BScCNSE","status_message":"Successfully received the VISA payment","amount":null,"payment_id":null},{"order_id":"185","sID":"19","order_title":"DIPSN","status_message":"Successfully received the VISA payment","amount":"2500","payment_id":null},{"order_id":"186","sID":"19","order_title":"BScCNSE","status_message":"Successfully received the VISA payment","amount":"1500","payment_id":null},{"order_id":"205","sID":"19","order_title":"CDFS","status_message":"Successfully received the VISA payment","amount":"4575","payment_id":null},{"order_id":"206","sID":"19","order_title":"DIPSN","status_message":"Successfully received the MASTER payment","amount":"2500","payment_id":null}]}
ALERT - 2023-06-02 11:03:10 --> 206
ALERT - 2023-06-02 11:14:39 --> 136
INFO - 2023-06-02 11:15:01 --> Session: Class initialized using 'CodeIgniter\Session\Handlers\FileHandler' driver.
INFO - 2023-06-02 11:15:02 --> Session: Class initialized using 'CodeIgniter\Session\Handlers\FileHandler' driver.
INFO - 2023-06-02 11:15:02 --> Session: Class initialized using 'CodeIgniter\Session\Handlers\FileHandler' driver.
ALERT - 2023-06-02 11:15:03 --> {"order":[{"order_id":"179","sID":"19","order_title":"BScCNSE","status_message":"Successfully received the VISA payment","amount":null,"payment_id":null},{"order_id":"185","sID":"19","order_title":"DIPSN","status_message":"Successfully received the VISA payment","amount":"2500","payment_id":null},{"order_id":"186","sID":"19","order_title":"BScCNSE","status_message":"Successfully received the VISA payment","amount":"1500","payment_id":null},{"order_id":"205","sID":"19","order_title":"CDFS","status_message":"Successfully received the VISA payment","amount":"4575","payment_id":null},{"order_id":"206","sID":"19","order_title":"DIPSN","status_message":"Successfully received the MASTER payment","amount":"2500","payment_id":null}]}
ALERT - 2023-06-02 11:15:06 --> 173
ALERT - 2023-06-02 11:15:08 --> 173
INFO - 2023-06-02 11:15:24 --> Session: Class initialized using 'CodeIgniter\Session\Handlers\FileHandler' driver.
INFO - 2023-06-02 11:15:24 --> Session: Class initialized using 'CodeIgniter\Session\Handlers\FileHandler' driver.
INFO - 2023-06-02 11:15:24 --> Session: Class initialized using 'CodeIgniter\Session\Handlers\FileHandler' driver.
ALERT - 2023-06-02 11:15:26 --> {"order":[{"order_id":"179","sID":"19","order_title":"BScCNSE","status_message":"Successfully received the VISA payment","amount":null,"payment_id":null},{"order_id":"185","sID":"19","order_title":"DIPSN","status_message":"Successfully received the VISA payment","amount":"2500","payment_id":null},{"order_id":"186","sID":"19","order_title":"BScCNSE","status_message":"Successfully received the VISA payment","amount":"1500","payment_id":null},{"order_id":"205","sID":"19","order_title":"CDFS","status_message":"Successfully received the VISA payment","amount":"4575","payment_id":null},{"order_id":"206","sID":"19","order_title":"DIPSN","status_message":"Successfully received the MASTER payment","amount":"2500","payment_id":null}]}
ALERT - 2023-06-02 11:15:46 --> 179
INFO - 2023-06-02 11:16:19 --> Session: Class initialized using 'CodeIgniter\Session\Handlers\FileHandler' driver.
INFO - 2023-06-02 11:16:19 --> Session: Class initialized using 'CodeIgniter\Session\Handlers\FileHandler' driver.
INFO - 2023-06-02 11:16:19 --> Session: Class initialized using 'CodeIgniter\Session\Handlers\FileHandler' driver.
ALERT - 2023-06-02 11:16:21 --> {"order":[{"order_id":"179","sID":"19","order_title":"BScCNSE","status_message":"Successfully received the VISA payment","amount":null,"payment_id":"320032342058"},{"order_id":"185","sID":"19","order_title":"DIPSN","status_message":"Successfully received the VISA payment","amount":"2500","payment_id":null},{"order_id":"186","sID":"19","order_title":"BScCNSE","status_message":"Successfully received the VISA payment","amount":"1500","payment_id":null},{"order_id":"205","sID":"19","order_title":"CDFS","status_message":"Successfully received the VISA payment","amount":"4575","payment_id":null},{"order_id":"206","sID":"19","order_title":"DIPSN","status_message":"Successfully received the MASTER payment","amount":"2500","payment_id":null}]}
ALERT - 2023-06-02 11:16:30 --> 185
INFO - 2023-06-02 11:24:36 --> Session: Class initialized using 'CodeIgniter\Session\Handlers\FileHandler' driver.
INFO - 2023-06-02 11:24:37 --> Session: Class initialized using 'CodeIgniter\Session\Handlers\FileHandler' driver.
INFO - 2023-06-02 11:24:37 --> Session: Class initialized using 'CodeIgniter\Session\Handlers\FileHandler' driver.
ALERT - 2023-06-02 11:24:39 --> {"order":[{"order_id":"179","sID":"19","order_title":"BScCNSE","status_message":"Successfully received the VISA payment","amount":null,"payment_id":"320032342058"},{"order_id":"185","sID":"19","order_title":"DIPSN","status_message":"Successfully received the VISA payment","amount":"2500","payment_id":"320032342080"},{"order_id":"186","sID":"19","order_title":"BScCNSE","status_message":"Successfully received the VISA payment","amount":"1500","payment_id":null},{"order_id":"205","sID":"19","order_title":"CDFS","status_message":"Successfully received the VISA payment","amount":"4575","payment_id":null},{"order_id":"206","sID":"19","order_title":"DIPSN","status_message":"Successfully received the MASTER payment","amount":"2500","payment_id":null}]}
ALERT - 2023-06-02 11:25:04 --> 186
INFO - 2023-06-02 11:25:32 --> Session: Class initialized using 'CodeIgniter\Session\Handlers\FileHandler' driver.
INFO - 2023-06-02 11:25:33 --> Session: Class initialized using 'CodeIgniter\Session\Handlers\FileHandler' driver.
INFO - 2023-06-02 11:25:33 --> Session: Class initialized using 'CodeIgniter\Session\Handlers\FileHandler' driver.
ALERT - 2023-06-02 11:25:34 --> {"order":[{"order_id":"179","sID":"19","order_title":"BScCNSE","status_message":"Successfully received the VISA payment","amount":null,"payment_id":"320032342058"},{"order_id":"185","sID":"19","order_title":"DIPSN","status_message":"Successfully received the VISA payment","amount":"2500","payment_id":"320032342080"},{"order_id":"186","sID":"19","order_title":"BScCNSE","status_message":"Successfully received the VISA payment","amount":"1500","payment_id":"320032342081"},{"order_id":"205","sID":"19","order_title":"CDFS","status_message":"Successfully received the VISA payment","amount":"4575","payment_id":null},{"order_id":"206","sID":"19","order_title":"DIPSN","status_message":"Successfully received the MASTER payment","amount":"2500","payment_id":null}]}
ALERT - 2023-06-02 11:25:44 --> 205
INFO - 2023-06-02 11:26:22 --> Session: Class initialized using 'CodeIgniter\Session\Handlers\FileHandler' driver.
INFO - 2023-06-02 11:26:23 --> Session: Class initialized using 'CodeIgniter\Session\Handlers\FileHandler' driver.
INFO - 2023-06-02 11:26:23 --> Session: Class initialized using 'CodeIgniter\Session\Handlers\FileHandler' driver.
ALERT - 2023-06-02 11:26:24 --> {"order":[{"order_id":"179","sID":"19","order_title":"BScCNSE","status_message":"Successfully received the VISA payment","amount":null,"payment_id":"320032342058"},{"order_id":"185","sID":"19","order_title":"DIPSN","status_message":"Successfully received the VISA payment","amount":"2500","payment_id":"320032342080"},{"order_id":"186","sID":"19","order_title":"BScCNSE","status_message":"Successfully received the VISA payment","amount":"1500","payment_id":"320032342081"},{"order_id":"205","sID":"19","order_title":"CDFS","status_message":"Successfully received the VISA payment","amount":"4575","payment_id":"320032342193"},{"order_id":"206","sID":"19","order_title":"DIPSN","status_message":"Successfully received the MASTER payment","amount":"2500","payment_id":null}]}
ALERT - 2023-06-02 11:26:32 --> 206
INFO - 2023-06-02 11:27:06 --> Session: Class initialized using 'CodeIgniter\Session\Handlers\FileHandler' driver.
INFO - 2023-06-02 11:27:06 --> Session: Class initialized using 'CodeIgniter\Session\Handlers\FileHandler' driver.
INFO - 2023-06-02 11:27:06 --> Session: Class initialized using 'CodeIgniter\Session\Handlers\FileHandler' driver.
ALERT - 2023-06-02 11:27:07 --> {"order":[{"order_id":"179","sID":"19","order_title":"BScCNSE","status_message":"Successfully received the VISA payment","amount":null,"payment_id":"320032342058"},{"order_id":"185","sID":"19","order_title":"DIPSN","status_message":"Successfully received the VISA payment","amount":"2500","payment_id":"320032342080"},{"order_id":"186","sID":"19","order_title":"BScCNSE","status_message":"Successfully received the VISA payment","amount":"1500","payment_id":"320032342081"},{"order_id":"205","sID":"19","order_title":"CDFS","status_message":"Successfully received the VISA payment","amount":"4575","payment_id":"320032342193"},{"order_id":"206","sID":"19","order_title":"DIPSN","status_message":"Successfully received the MASTER payment","amount":"2500","payment_id":"320032342264"}]}
ALERT - 2023-06-02 11:27:14 --> 207
INFO - 2023-06-02 11:28:27 --> Session: Class initialized using 'CodeIgniter\Session\Handlers\FileHandler' driver.
INFO - 2023-06-02 11:28:28 --> Session: Class initialized using 'CodeIgniter\Session\Handlers\FileHandler' driver.
INFO - 2023-06-02 11:28:28 --> Session: Class initialized using 'CodeIgniter\Session\Handlers\FileHandler' driver.
ALERT - 2023-06-02 11:28:29 --> {"order":[{"order_id":"179","sID":"19","order_title":"BScCNSE","status_message":"Successfully received the VISA payment","amount":null,"payment_id":"320032342058"},{"order_id":"185","sID":"19","order_title":"DIPSN","status_message":"Successfully received the VISA payment","amount":"2500","payment_id":"320032342080"},{"order_id":"186","sID":"19","order_title":"BScCNSE","status_message":"Successfully received the VISA payment","amount":"1500","payment_id":"320032342081"},{"order_id":"205","sID":"19","order_title":"CDFS","status_message":"Successfully received the VISA payment","amount":"4575","payment_id":"320032342193"},{"order_id":"206","sID":"19","order_title":"DIPSN","status_message":"Successfully received the MASTER payment","amount":"2500","payment_id":"320032342264"}]}
ALERT - 2023-06-02 11:28:48 --> 173
INFO - 2023-06-02 11:31:01 --> Session: Class initialized using 'CodeIgniter\Session\Handlers\FileHandler' driver.
INFO - 2023-06-02 11:31:01 --> Session: Class initialized using 'CodeIgniter\Session\Handlers\FileHandler' driver.
INFO - 2023-06-02 11:31:27 --> Session: Class initialized using 'CodeIgniter\Session\Handlers\FileHandler' driver.
INFO - 2023-06-02 11:31:28 --> Session: Class initialized using 'CodeIgniter\Session\Handlers\FileHandler' driver.
INFO - 2023-06-02 11:31:30 --> Session: Class initialized using 'CodeIgniter\Session\Handlers\FileHandler' driver.
INFO - 2023-06-02 11:31:30 --> Session: Class initialized using 'CodeIgniter\Session\Handlers\FileHandler' driver.
INFO - 2023-06-02 11:31:34 --> Session: Class initialized using 'CodeIgniter\Session\Handlers\FileHandler' driver.
INFO - 2023-06-02 11:31:34 --> Session: Class initialized using 'CodeIgniter\Session\Handlers\FileHandler' driver.
INFO - 2023-06-02 11:31:50 --> Session: Class initialized using 'CodeIgniter\Session\Handlers\FileHandler' driver.
INFO - 2023-06-02 11:31:50 --> Session: Class initialized using 'CodeIgniter\Session\Handlers\FileHandler' driver.
INFO - 2023-06-02 11:32:00 --> Session: Class initialized using 'CodeIgniter\Session\Handlers\FileHandler' driver.
INFO - 2023-06-02 11:32:00 --> Session: Class initialized using 'CodeIgniter\Session\Handlers\FileHandler' driver.
INFO - 2023-06-02 11:32:17 --> Session: Class initialized using 'CodeIgniter\Session\Handlers\FileHandler' driver.
INFO - 2023-06-02 11:32:17 --> Session: Class initialized using 'CodeIgniter\Session\Handlers\FileHandler' driver.
INFO - 2023-06-02 11:33:36 --> Session: Class initialized using 'CodeIgniter\Session\Handlers\FileHandler' driver.
INFO - 2023-06-02 11:33:37 --> Session: Class initialized using 'CodeIgniter\Session\Handlers\FileHandler' driver.
INFO - 2023-06-02 11:34:27 --> Session: Class initialized using 'CodeIgniter\Session\Handlers\FileHandler' driver.
