ALERT - 2023-05-16 09:54:30 --> sssssd
ALERT - 2023-05-16 09:56:09 --> sssssd
ALERT - 2023-05-16 09:56:57 --> sssssd
ALERT - 2023-05-16 09:58:52 --> sssssd
ALERT - 2023-05-16 09:59:58 --> sssssd
CRITICAL - 2023-05-16 12:07:33 --> Deletes are not allowed unless they contain a "where" or "like" clause.
in SYSTEMPATH\Database\BaseBuilder.php on line 2767.
 1 SYSTEMPATH\Model.php(456): CodeIgniter\Database\BaseBuilder->delete()
 2 SYSTEMPATH\BaseModel.php(1065): CodeIgniter\Model->doDelete('', false)
 3 APPPATH\Controllers\studentController.php(138): CodeIgniter\BaseModel->delete('')
 4 SYSTEMPATH\CodeIgniter.php(934): App\Controllers\studentController->delete()
 5 SYSTEMPATH\CodeIgniter.php(499): CodeIgniter\CodeIgniter->runController(Object(App\Controllers\studentController))
 6 SYSTEMPATH\CodeIgniter.php(368): CodeIgniter\CodeIgniter->handleRequest(null, Object(Config\Cache), false)
 7 FCPATH\index.php(67): CodeIgniter\CodeIgniter->run()
 8 SYSTEMPATH\Commands\Server\rewrite.php(47): require_once('C:\\Users\\Yasit\\Desktop\\Bhasha\\CI-AJAX\\public\\index.php')
CRITICAL - 2023-05-16 12:07:54 --> Deletes are not allowed unless they contain a "where" or "like" clause.
in SYSTEMPATH\Database\BaseBuilder.php on line 2767.
 1 SYSTEMPATH\Model.php(456): CodeIgniter\Database\BaseBuilder->delete()
 2 SYSTEMPATH\BaseModel.php(1065): CodeIgniter\Model->doDelete('', false)
 3 APPPATH\Controllers\studentController.php(138): CodeIgniter\BaseModel->delete('')
 4 SYSTEMPATH\CodeIgniter.php(934): App\Controllers\studentController->delete()
 5 SYSTEMPATH\CodeIgniter.php(499): CodeIgniter\CodeIgniter->runController(Object(App\Controllers\studentController))
 6 SYSTEMPATH\CodeIgniter.php(368): CodeIgniter\CodeIgniter->handleRequest(null, Object(Config\Cache), false)
 7 FCPATH\index.php(67): CodeIgniter\CodeIgniter->run()
 8 SYSTEMPATH\Commands\Server\rewrite.php(47): require_once('C:\\Users\\Yasit\\Desktop\\Bhasha\\CI-AJAX\\public\\index.php')
CRITICAL - 2023-05-16 12:08:22 --> Deletes are not allowed unless they contain a "where" or "like" clause.
in SYSTEMPATH\Database\BaseBuilder.php on line 2767.
 1 SYSTEMPATH\Model.php(456): CodeIgniter\Database\BaseBuilder->delete()
 2 SYSTEMPATH\BaseModel.php(1065): CodeIgniter\Model->doDelete('', false)
 3 APPPATH\Controllers\studentController.php(138): CodeIgniter\BaseModel->delete('')
 4 SYSTEMPATH\CodeIgniter.php(934): App\Controllers\studentController->delete()
 5 SYSTEMPATH\CodeIgniter.php(499): CodeIgniter\CodeIgniter->runController(Object(App\Controllers\studentController))
 6 SYSTEMPATH\CodeIgniter.php(368): CodeIgniter\CodeIgniter->handleRequest(null, Object(Config\Cache), false)
 7 FCPATH\index.php(67): CodeIgniter\CodeIgniter->run()
 8 SYSTEMPATH\Commands\Server\rewrite.php(47): require_once('C:\\Users\\Yasit\\Desktop\\Bhasha\\CI-AJAX\\public\\index.php')
ALERT - 2023-05-16 12:12:23 -->   
CRITICAL - 2023-05-16 12:12:23 --> Deletes are not allowed unless they contain a "where" or "like" clause.
in SYSTEMPATH\Database\BaseBuilder.php on line 2767.
 1 SYSTEMPATH\Model.php(456): CodeIgniter\Database\BaseBuilder->delete()
 2 SYSTEMPATH\BaseModel.php(1065): CodeIgniter\Model->doDelete('', false)
 3 APPPATH\Controllers\studentController.php(140): CodeIgniter\BaseModel->delete('')
 4 SYSTEMPATH\CodeIgniter.php(934): App\Controllers\studentController->delete()
 5 SYSTEMPATH\CodeIgniter.php(499): CodeIgniter\CodeIgniter->runController(Object(App\Controllers\studentController))
 6 SYSTEMPATH\CodeIgniter.php(368): CodeIgniter\CodeIgniter->handleRequest(null, Object(Config\Cache), false)
 7 FCPATH\index.php(67): CodeIgniter\CodeIgniter->run()
 8 SYSTEMPATH\Commands\Server\rewrite.php(47): require_once('C:\\Users\\Yasit\\Desktop\\Bhasha\\CI-AJAX\\public\\index.php')
ALERT - 2023-05-16 12:13:58 -->   
CRITICAL - 2023-05-16 12:13:58 --> Deletes are not allowed unless they contain a "where" or "like" clause.
in SYSTEMPATH\Database\BaseBuilder.php on line 2767.
 1 SYSTEMPATH\Model.php(456): CodeIgniter\Database\BaseBuilder->delete()
 2 SYSTEMPATH\BaseModel.php(1065): CodeIgniter\Model->doDelete('', false)
 3 APPPATH\Controllers\studentController.php(140): CodeIgniter\BaseModel->delete('')
 4 SYSTEMPATH\CodeIgniter.php(934): App\Controllers\studentController->delete()
 5 SYSTEMPATH\CodeIgniter.php(499): CodeIgniter\CodeIgniter->runController(Object(App\Controllers\studentController))
 6 SYSTEMPATH\CodeIgniter.php(368): CodeIgniter\CodeIgniter->handleRequest(null, Object(Config\Cache), false)
 7 FCPATH\index.php(67): CodeIgniter\CodeIgniter->run()
 8 SYSTEMPATH\Commands\Server\rewrite.php(47): require_once('C:\\Users\\Yasit\\Desktop\\Bhasha\\CI-AJAX\\public\\index.php')
ALERT - 2023-05-16 12:15:46 -->   
CRITICAL - 2023-05-16 12:15:46 --> Deletes are not allowed unless they contain a "where" or "like" clause.
in SYSTEMPATH\Database\BaseBuilder.php on line 2767.
 1 SYSTEMPATH\Model.php(456): CodeIgniter\Database\BaseBuilder->delete()
 2 SYSTEMPATH\BaseModel.php(1065): CodeIgniter\Model->doDelete('', false)
 3 APPPATH\Controllers\studentController.php(140): CodeIgniter\BaseModel->delete('')
 4 SYSTEMPATH\CodeIgniter.php(934): App\Controllers\studentController->delete()
 5 SYSTEMPATH\CodeIgniter.php(499): CodeIgniter\CodeIgniter->runController(Object(App\Controllers\studentController))
 6 SYSTEMPATH\CodeIgniter.php(368): CodeIgniter\CodeIgniter->handleRequest(null, Object(Config\Cache), false)
 7 FCPATH\index.php(67): CodeIgniter\CodeIgniter->run()
 8 SYSTEMPATH\Commands\Server\rewrite.php(47): require_once('C:\\Users\\Yasit\\Desktop\\Bhasha\\CI-AJAX\\public\\index.php')
ALERT - 2023-05-16 12:16:11 -->   1
ALERT - 2023-05-16 12:16:27 -->   23
ALERT - 2023-05-16 12:17:14 -->   22
ALERT - 2023-05-16 12:17:32 -->   21
ALERT - 2023-05-16 12:23:36 --> YasithChandula1998-08-21Payagala0719682830CSSESE
