INFO - 2023-06-05 07:01:47 --> Session: Class initialized using 'CodeIgniter\Session\Handlers\FileHandler' driver.
INFO - 2023-06-05 07:01:47 --> Session: Class initialized using 'CodeIgniter\Session\Handlers\FileHandler' driver.
INFO - 2023-06-05 07:01:54 --> Session: Class initialized using 'CodeIgniter\Session\Handlers\FileHandler' driver.
INFO - 2023-06-05 07:01:54 --> Session: Class initialized using 'CodeIgniter\Session\Handlers\FileHandler' driver.
INFO - 2023-06-05 07:01:56 --> Session: Class initialized using 'CodeIgniter\Session\Handlers\FileHandler' driver.
INFO - 2023-06-05 07:01:56 --> Session: Class initialized using 'CodeIgniter\Session\Handlers\FileHandler' driver.
INFO - 2023-06-05 07:01:56 --> Session: Class initialized using 'CodeIgniter\Session\Handlers\FileHandler' driver.
ALERT - 2023-06-05 07:01:58 --> Array
(
    [0] => stdClass Object
        (
            [sID] => 32
            [firstName] => Yasith
            [lastName] => Chandula
            [email] => chandulayasith@gmail.com
            [birthday] => 2023-05-01
            [address] => Payagala
            [city] => Kalutara
            [contactNumber] => 0719682830
            [department] => CSSE
            [course] => BscInCS
            [password] => $2y$10$ZbJw3g9cFPs5/2jjh44zgubYsgBZiTcMRMGiJ41V1vcQGD7f.dFVy
        )

    [1] => stdClass Object
        (
            [sID] => 33
            [firstName] => Harith 
            [lastName] => Silva
            [email] => harith@gmail.com
            [birthday] => 2023-05-02
            [address] => Dodangoda
            [city] => Kalutara
            [contactNumber] => 0714436578
            [department] => Eng
            [course] => ECEng
            [password] => 
        )

    [2] => stdClass Object
        (
            [sID] => 34
            [firstName] => Janith
            [lastName] => Perera
            [email] => janithperera@gmail.com
            [birthday] => 2023-05-09
            [address] => Bandaragama
            [city] => Kalutara
            [contactNumber] => 0754436789
            [department] => DSS
            [course] => CDSS
            [password] => 
        )

)

INFO - 2023-06-05 07:01:59 --> Session: Class initialized using 'CodeIgniter\Session\Handlers\FileHandler' driver.
INFO - 2023-06-05 07:02:01 --> Session: Class initialized using 'CodeIgniter\Session\Handlers\FileHandler' driver.
INFO - 2023-06-05 07:02:02 --> Session: Class initialized using 'CodeIgniter\Session\Handlers\FileHandler' driver.
INFO - 2023-06-05 07:02:02 --> Session: Class initialized using 'CodeIgniter\Session\Handlers\FileHandler' driver.
ALERT - 2023-06-05 07:02:03 --> {"order":[{"order_id":"179","sID":"19","order_title":"BScCNSE","status_message":"Successfully received the VISA payment","amount":null,"payment_id":"320032342058"},{"order_id":"185","sID":"19","order_title":"DIPSN","status_message":"Successfully received the VISA payment","amount":"2500","payment_id":"320032342080"},{"order_id":"186","sID":"19","order_title":"BScCNSE","status_message":"Successfully received the VISA payment","amount":"1500","payment_id":"320032342081"},{"order_id":"205","sID":"19","order_title":"CDFS","status_message":"Successfully received the VISA payment","amount":"4575","payment_id":"320032342193"},{"order_id":"206","sID":"19","order_title":"DIPSN","status_message":"Successfully received the MASTER payment","amount":"2500","payment_id":"320032342438"},{"order_id":"211","sID":"19","order_title":"CDFS","status_message":"Successfully received the VISA payment","amount":"4575","payment_id":"320032342440"}]}
ALERT - 2023-06-05 07:02:10 --> 206
INFO - 2023-06-05 07:02:40 --> Session: Class initialized using 'CodeIgniter\Session\Handlers\FileHandler' driver.
INFO - 2023-06-05 07:02:41 --> Session: Class initialized using 'CodeIgniter\Session\Handlers\FileHandler' driver.
INFO - 2023-06-05 07:02:41 --> Session: Class initialized using 'CodeIgniter\Session\Handlers\FileHandler' driver.
ALERT - 2023-06-05 07:02:42 --> {"order":[{"order_id":"179","sID":"19","order_title":"BScCNSE","status_message":"Successfully received the VISA payment","amount":null,"payment_id":"320032342058"},{"order_id":"185","sID":"19","order_title":"DIPSN","status_message":"Successfully received the VISA payment","amount":"2500","payment_id":"320032342080"},{"order_id":"186","sID":"19","order_title":"BScCNSE","status_message":"Successfully received the VISA payment","amount":"1500","payment_id":"320032342081"},{"order_id":"205","sID":"19","order_title":"CDFS","status_message":"Successfully received the VISA payment","amount":"4575","payment_id":"320032342193"},{"order_id":"206","sID":"19","order_title":"DIPSN","status_message":"Successfully received the MASTER payment","amount":"2500","payment_id":"320032342438"},{"order_id":"211","sID":"19","order_title":"CDFS","status_message":"Successfully received the VISA payment","amount":"4575","payment_id":"320032342440"}]}
ALERT - 2023-06-05 07:02:48 --> 206
INFO - 2023-06-05 07:05:09 --> Session: Class initialized using 'CodeIgniter\Session\Handlers\FileHandler' driver.
INFO - 2023-06-05 07:05:10 --> Session: Class initialized using 'CodeIgniter\Session\Handlers\FileHandler' driver.
INFO - 2023-06-05 07:05:10 --> Session: Class initialized using 'CodeIgniter\Session\Handlers\FileHandler' driver.
ALERT - 2023-06-05 07:05:11 --> {"order":[{"order_id":"179","sID":"19","order_title":"BScCNSE","status_message":"Successfully received the VISA payment","amount":null,"payment_id":"320032342058"},{"order_id":"185","sID":"19","order_title":"DIPSN","status_message":"Successfully received the VISA payment","amount":"2500","payment_id":"320032342080"},{"order_id":"186","sID":"19","order_title":"BScCNSE","status_message":"Successfully received the VISA payment","amount":"1500","payment_id":"320032342081"},{"order_id":"205","sID":"19","order_title":"CDFS","status_message":"Successfully received the VISA payment","amount":"4575","payment_id":"320032342193"},{"order_id":"206","sID":"19","order_title":"DIPSN","status_message":"Successfully received the MASTER payment","amount":"2500","payment_id":"320032342438"},{"order_id":"211","sID":"19","order_title":"CDFS","status_message":"Successfully received the VISA payment","amount":"4575","payment_id":"320032342440"}]}
ALERT - 2023-06-05 07:05:14 --> 206
INFO - 2023-06-05 07:06:03 --> Session: Class initialized using 'CodeIgniter\Session\Handlers\FileHandler' driver.
INFO - 2023-06-05 07:06:04 --> Session: Class initialized using 'CodeIgniter\Session\Handlers\FileHandler' driver.
INFO - 2023-06-05 07:06:04 --> Session: Class initialized using 'CodeIgniter\Session\Handlers\FileHandler' driver.
ALERT - 2023-06-05 07:06:06 --> {"order":[{"order_id":"179","sID":"19","order_title":"BScCNSE","status_message":"Successfully received the VISA payment","amount":null,"payment_id":"320032342058"},{"order_id":"185","sID":"19","order_title":"DIPSN","status_message":"Successfully received the VISA payment","amount":"2500","payment_id":"320032342080"},{"order_id":"186","sID":"19","order_title":"BScCNSE","status_message":"Successfully received the VISA payment","amount":"1500","payment_id":"320032342081"},{"order_id":"205","sID":"19","order_title":"CDFS","status_message":"Successfully received the VISA payment","amount":"4575","payment_id":"320032342193"},{"order_id":"206","sID":"19","order_title":"DIPSN","status_message":"Successfully received the MASTER payment","amount":"2500","payment_id":"320032342438"},{"order_id":"211","sID":"19","order_title":"CDFS","status_message":"Successfully received the VISA payment","amount":"4575","payment_id":"320032342440"}]}
ALERT - 2023-06-05 07:06:10 --> 206
INFO - 2023-06-05 07:08:16 --> Session: Class initialized using 'CodeIgniter\Session\Handlers\FileHandler' driver.
INFO - 2023-06-05 07:08:16 --> Session: Class initialized using 'CodeIgniter\Session\Handlers\FileHandler' driver.
INFO - 2023-06-05 07:08:17 --> Session: Class initialized using 'CodeIgniter\Session\Handlers\FileHandler' driver.
ALERT - 2023-06-05 07:08:18 --> {"order":[{"order_id":"179","sID":"19","order_title":"BScCNSE","status_message":"Successfully received the VISA payment","amount":null,"payment_id":"320032342058"},{"order_id":"185","sID":"19","order_title":"DIPSN","status_message":"Successfully received the VISA payment","amount":"2500","payment_id":"320032342080"},{"order_id":"186","sID":"19","order_title":"BScCNSE","status_message":"Successfully received the VISA payment","amount":"1500","payment_id":"320032342081"},{"order_id":"205","sID":"19","order_title":"CDFS","status_message":"Successfully received the VISA payment","amount":"4575","payment_id":"320032342193"},{"order_id":"206","sID":"19","order_title":"DIPSN","status_message":"Successfully received the MASTER payment","amount":"2500","payment_id":"320032342438"},{"order_id":"211","sID":"19","order_title":"CDFS","status_message":"Successfully received the VISA payment","amount":"4575","payment_id":"320032342440"}]}
ALERT - 2023-06-05 07:08:21 --> 207
INFO - 2023-06-05 07:08:37 --> Session: Class initialized using 'CodeIgniter\Session\Handlers\FileHandler' driver.
INFO - 2023-06-05 07:08:38 --> Session: Class initialized using 'CodeIgniter\Session\Handlers\FileHandler' driver.
INFO - 2023-06-05 07:08:38 --> Session: Class initialized using 'CodeIgniter\Session\Handlers\FileHandler' driver.
ALERT - 2023-06-05 07:08:39 --> {"order":[{"order_id":"179","sID":"19","order_title":"BScCNSE","status_message":"Successfully received the VISA payment","amount":null,"payment_id":"320032342058"},{"order_id":"185","sID":"19","order_title":"DIPSN","status_message":"Successfully received the VISA payment","amount":"2500","payment_id":"320032342080"},{"order_id":"186","sID":"19","order_title":"BScCNSE","status_message":"Successfully received the VISA payment","amount":"1500","payment_id":"320032342081"},{"order_id":"205","sID":"19","order_title":"CDFS","status_message":"Successfully received the VISA payment","amount":"4575","payment_id":"320032342193"},{"order_id":"206","sID":"19","order_title":"DIPSN","status_message":"Successfully received the MASTER payment","amount":"2500","payment_id":"320032342438"},{"order_id":"211","sID":"19","order_title":"CDFS","status_message":"Successfully received the VISA payment","amount":"4575","payment_id":"320032342440"}]}
INFO - 2023-06-05 07:08:48 --> Session: Class initialized using 'CodeIgniter\Session\Handlers\FileHandler' driver.
INFO - 2023-06-05 07:08:48 --> Session: Class initialized using 'CodeIgniter\Session\Handlers\FileHandler' driver.
INFO - 2023-06-05 07:08:48 --> Session: Class initialized using 'CodeIgniter\Session\Handlers\FileHandler' driver.
ALERT - 2023-06-05 07:08:50 --> {"order":[{"order_id":"179","sID":"19","order_title":"BScCNSE","status_message":"Successfully received the VISA payment","amount":null,"payment_id":"320032342058"},{"order_id":"185","sID":"19","order_title":"DIPSN","status_message":"Successfully received the VISA payment","amount":"2500","payment_id":"320032342080"},{"order_id":"186","sID":"19","order_title":"BScCNSE","status_message":"Successfully received the VISA payment","amount":"1500","payment_id":"320032342081"},{"order_id":"205","sID":"19","order_title":"CDFS","status_message":"Successfully received the VISA payment","amount":"4575","payment_id":"320032342193"},{"order_id":"206","sID":"19","order_title":"DIPSN","status_message":"Successfully received the MASTER payment","amount":"2500","payment_id":"320032342438"},{"order_id":"211","sID":"19","order_title":"CDFS","status_message":"Successfully received the VISA payment","amount":"4575","payment_id":"320032342440"}]}
ALERT - 2023-06-05 07:08:52 --> 206
INFO - 2023-06-05 07:10:58 --> Session: Class initialized using 'CodeIgniter\Session\Handlers\FileHandler' driver.
INFO - 2023-06-05 07:10:58 --> Session: Class initialized using 'CodeIgniter\Session\Handlers\FileHandler' driver.
INFO - 2023-06-05 07:10:58 --> Session: Class initialized using 'CodeIgniter\Session\Handlers\FileHandler' driver.
ALERT - 2023-06-05 07:10:59 --> {"order":[{"order_id":"179","sID":"19","order_title":"BScCNSE","status_message":"Successfully received the VISA payment","amount":null,"payment_id":"320032342058"},{"order_id":"185","sID":"19","order_title":"DIPSN","status_message":"Successfully received the VISA payment","amount":"2500","payment_id":"320032342080"},{"order_id":"186","sID":"19","order_title":"BScCNSE","status_message":"Successfully received the VISA payment","amount":"1500","payment_id":"320032342081"},{"order_id":"205","sID":"19","order_title":"CDFS","status_message":"Successfully received the VISA payment","amount":"4575","payment_id":"320032342193"},{"order_id":"206","sID":"19","order_title":"DIPSN","status_message":"Successfully received the MASTER payment","amount":"2500","payment_id":"320032342438"},{"order_id":"211","sID":"19","order_title":"CDFS","status_message":"Successfully received the VISA payment","amount":"4575","payment_id":"320032342440"}]}
ALERT - 2023-06-05 07:11:06 --> 206
INFO - 2023-06-05 07:12:48 --> Session: Class initialized using 'CodeIgniter\Session\Handlers\FileHandler' driver.
INFO - 2023-06-05 07:12:49 --> Session: Class initialized using 'CodeIgniter\Session\Handlers\FileHandler' driver.
INFO - 2023-06-05 07:12:49 --> Session: Class initialized using 'CodeIgniter\Session\Handlers\FileHandler' driver.
ALERT - 2023-06-05 07:12:50 --> {"order":[{"order_id":"179","sID":"19","order_title":"BScCNSE","status_message":"Successfully received the VISA payment","amount":null,"payment_id":"320032342058"},{"order_id":"185","sID":"19","order_title":"DIPSN","status_message":"Successfully received the VISA payment","amount":"2500","payment_id":"320032342080"},{"order_id":"186","sID":"19","order_title":"BScCNSE","status_message":"Successfully received the VISA payment","amount":"1500","payment_id":"320032342081"},{"order_id":"205","sID":"19","order_title":"CDFS","status_message":"Successfully received the VISA payment","amount":"4575","payment_id":"320032342193"},{"order_id":"206","sID":"19","order_title":"DIPSN","status_message":"Successfully received the MASTER payment","amount":"2500","payment_id":"320032342438"},{"order_id":"211","sID":"19","order_title":"CDFS","status_message":"Successfully received the VISA payment","amount":"4575","payment_id":"320032342440"}]}
ALERT - 2023-06-05 07:12:56 --> 206
INFO - 2023-06-05 07:19:37 --> Session: Class initialized using 'CodeIgniter\Session\Handlers\FileHandler' driver.
INFO - 2023-06-05 07:19:38 --> Session: Class initialized using 'CodeIgniter\Session\Handlers\FileHandler' driver.
INFO - 2023-06-05 07:19:38 --> Session: Class initialized using 'CodeIgniter\Session\Handlers\FileHandler' driver.
ALERT - 2023-06-05 07:19:39 --> {"order":[{"order_id":"179","sID":"19","order_title":"BScCNSE","status_message":"Successfully received the VISA payment","amount":null,"payment_id":"320032342058"},{"order_id":"185","sID":"19","order_title":"DIPSN","status_message":"Successfully received the VISA payment","amount":"2500","payment_id":"320032342080"},{"order_id":"186","sID":"19","order_title":"BScCNSE","status_message":"Successfully received the VISA payment","amount":"1500","payment_id":"320032342081"},{"order_id":"205","sID":"19","order_title":"CDFS","status_message":"Successfully received the VISA payment","amount":"4575","payment_id":"320032342193"},{"order_id":"206","sID":"19","order_title":"DIPSN","status_message":"Successfully received the MASTER payment","amount":"2500","payment_id":"320032342438"},{"order_id":"211","sID":"19","order_title":"CDFS","status_message":"Successfully received the VISA payment","amount":"4575","payment_id":"320032342440"}]}
ALERT - 2023-06-05 07:19:46 --> 206
INFO - 2023-06-05 07:21:06 --> Session: Class initialized using 'CodeIgniter\Session\Handlers\FileHandler' driver.
INFO - 2023-06-05 07:21:06 --> Session: Class initialized using 'CodeIgniter\Session\Handlers\FileHandler' driver.
INFO - 2023-06-05 07:21:07 --> Session: Class initialized using 'CodeIgniter\Session\Handlers\FileHandler' driver.
ALERT - 2023-06-05 07:21:08 --> {"order":[{"order_id":"179","sID":"19","order_title":"BScCNSE","status_message":"Successfully received the VISA payment","amount":null,"payment_id":"320032342058"},{"order_id":"185","sID":"19","order_title":"DIPSN","status_message":"Successfully received the VISA payment","amount":"2500","payment_id":"320032342080"},{"order_id":"186","sID":"19","order_title":"BScCNSE","status_message":"Successfully received the VISA payment","amount":"1500","payment_id":"320032342081"},{"order_id":"205","sID":"19","order_title":"CDFS","status_message":"Successfully received the VISA payment","amount":"4575","payment_id":"320032342193"},{"order_id":"206","sID":"19","order_title":"DIPSN","status_message":"Successfully received the MASTER payment","amount":"2500","payment_id":"320032342438"},{"order_id":"211","sID":"19","order_title":"CDFS","status_message":"Successfully received the VISA payment","amount":"4575","payment_id":"320032342440"}]}
ALERT - 2023-06-05 07:21:12 --> 206
INFO - 2023-06-05 07:23:02 --> Session: Class initialized using 'CodeIgniter\Session\Handlers\FileHandler' driver.
INFO - 2023-06-05 07:23:02 --> Session: Class initialized using 'CodeIgniter\Session\Handlers\FileHandler' driver.
INFO - 2023-06-05 07:23:02 --> Session: Class initialized using 'CodeIgniter\Session\Handlers\FileHandler' driver.
ALERT - 2023-06-05 07:23:04 --> {"order":[{"order_id":"179","sID":"19","order_title":"BScCNSE","status_message":"Successfully received the VISA payment","amount":null,"payment_id":"320032342058"},{"order_id":"185","sID":"19","order_title":"DIPSN","status_message":"Successfully received the VISA payment","amount":"2500","payment_id":"320032342080"},{"order_id":"186","sID":"19","order_title":"BScCNSE","status_message":"Successfully received the VISA payment","amount":"1500","payment_id":"320032342081"},{"order_id":"205","sID":"19","order_title":"CDFS","status_message":"Successfully received the VISA payment","amount":"4575","payment_id":"320032342193"},{"order_id":"206","sID":"19","order_title":"DIPSN","status_message":"Successfully received the MASTER payment","amount":"2500","payment_id":"320032342438"},{"order_id":"211","sID":"19","order_title":"CDFS","status_message":"Successfully received the VISA payment","amount":"4575","payment_id":"320032342440"}]}
ALERT - 2023-06-05 07:23:10 --> 206
INFO - 2023-06-05 07:24:04 --> Session: Class initialized using 'CodeIgniter\Session\Handlers\FileHandler' driver.
INFO - 2023-06-05 07:24:05 --> Session: Class initialized using 'CodeIgniter\Session\Handlers\FileHandler' driver.
INFO - 2023-06-05 07:24:05 --> Session: Class initialized using 'CodeIgniter\Session\Handlers\FileHandler' driver.
ALERT - 2023-06-05 07:24:06 --> {"order":[{"order_id":"179","sID":"19","order_title":"BScCNSE","status_message":"Successfully received the VISA payment","amount":null,"payment_id":"320032342058"},{"order_id":"185","sID":"19","order_title":"DIPSN","status_message":"Successfully received the VISA payment","amount":"2500","payment_id":"320032342080"},{"order_id":"186","sID":"19","order_title":"BScCNSE","status_message":"Successfully received the VISA payment","amount":"1500","payment_id":"320032342081"},{"order_id":"205","sID":"19","order_title":"CDFS","status_message":"Successfully received the VISA payment","amount":"4575","payment_id":"320032342193"},{"order_id":"206","sID":"19","order_title":"DIPSN","status_message":"Successfully received the MASTER payment","amount":"2500","payment_id":"320032342438"},{"order_id":"211","sID":"19","order_title":"CDFS","status_message":"Successfully received the VISA payment","amount":"4575","payment_id":"320032342440"}]}
INFO - 2023-06-05 07:24:09 --> Session: Class initialized using 'CodeIgniter\Session\Handlers\FileHandler' driver.
INFO - 2023-06-05 07:24:09 --> Session: Class initialized using 'CodeIgniter\Session\Handlers\FileHandler' driver.
INFO - 2023-06-05 07:24:09 --> Session: Class initialized using 'CodeIgniter\Session\Handlers\FileHandler' driver.
ALERT - 2023-06-05 07:24:11 --> {"order":[{"order_id":"179","sID":"19","order_title":"BScCNSE","status_message":"Successfully received the VISA payment","amount":null,"payment_id":"320032342058"},{"order_id":"185","sID":"19","order_title":"DIPSN","status_message":"Successfully received the VISA payment","amount":"2500","payment_id":"320032342080"},{"order_id":"186","sID":"19","order_title":"BScCNSE","status_message":"Successfully received the VISA payment","amount":"1500","payment_id":"320032342081"},{"order_id":"205","sID":"19","order_title":"CDFS","status_message":"Successfully received the VISA payment","amount":"4575","payment_id":"320032342193"},{"order_id":"206","sID":"19","order_title":"DIPSN","status_message":"Successfully received the MASTER payment","amount":"2500","payment_id":"320032342438"},{"order_id":"211","sID":"19","order_title":"CDFS","status_message":"Successfully received the VISA payment","amount":"4575","payment_id":"320032342440"}]}
ALERT - 2023-06-05 07:24:18 --> 206
INFO - 2023-06-05 07:25:05 --> Session: Class initialized using 'CodeIgniter\Session\Handlers\FileHandler' driver.
INFO - 2023-06-05 07:25:05 --> Session: Class initialized using 'CodeIgniter\Session\Handlers\FileHandler' driver.
INFO - 2023-06-05 07:25:05 --> Session: Class initialized using 'CodeIgniter\Session\Handlers\FileHandler' driver.
ALERT - 2023-06-05 07:25:07 --> {"order":[{"order_id":"179","sID":"19","order_title":"BScCNSE","status_message":"Successfully received the VISA payment","amount":null,"payment_id":"320032342058"},{"order_id":"185","sID":"19","order_title":"DIPSN","status_message":"Successfully received the VISA payment","amount":"2500","payment_id":"320032342080"},{"order_id":"186","sID":"19","order_title":"BScCNSE","status_message":"Successfully received the VISA payment","amount":"1500","payment_id":"320032342081"},{"order_id":"205","sID":"19","order_title":"CDFS","status_message":"Successfully received the VISA payment","amount":"4575","payment_id":"320032342193"},{"order_id":"206","sID":"19","order_title":"DIPSN","status_message":"Successfully received the MASTER payment","amount":"2500","payment_id":"320032342438"},{"order_id":"211","sID":"19","order_title":"CDFS","status_message":"Successfully received the VISA payment","amount":"4575","payment_id":"320032342440"}]}
ALERT - 2023-06-05 07:25:11 --> 206
INFO - 2023-06-05 07:27:00 --> Session: Class initialized using 'CodeIgniter\Session\Handlers\FileHandler' driver.
INFO - 2023-06-05 07:27:01 --> Session: Class initialized using 'CodeIgniter\Session\Handlers\FileHandler' driver.
INFO - 2023-06-05 07:27:01 --> Session: Class initialized using 'CodeIgniter\Session\Handlers\FileHandler' driver.
ALERT - 2023-06-05 07:27:02 --> {"order":[{"order_id":"179","sID":"19","order_title":"BScCNSE","status_message":"Successfully received the VISA payment","amount":null,"payment_id":"320032342058"},{"order_id":"185","sID":"19","order_title":"DIPSN","status_message":"Successfully received the VISA payment","amount":"2500","payment_id":"320032342080"},{"order_id":"186","sID":"19","order_title":"BScCNSE","status_message":"Successfully received the VISA payment","amount":"1500","payment_id":"320032342081"},{"order_id":"205","sID":"19","order_title":"CDFS","status_message":"Successfully received the VISA payment","amount":"4575","payment_id":"320032342193"},{"order_id":"206","sID":"19","order_title":"DIPSN","status_message":"Successfully received the MASTER payment","amount":"2500","payment_id":"320032342438"},{"order_id":"211","sID":"19","order_title":"CDFS","status_message":"Successfully received the VISA payment","amount":"4575","payment_id":"320032342440"}]}
ALERT - 2023-06-05 07:27:07 --> 206
INFO - 2023-06-05 07:32:21 --> Session: Class initialized using 'CodeIgniter\Session\Handlers\FileHandler' driver.
INFO - 2023-06-05 07:32:22 --> Session: Class initialized using 'CodeIgniter\Session\Handlers\FileHandler' driver.
INFO - 2023-06-05 07:32:22 --> Session: Class initialized using 'CodeIgniter\Session\Handlers\FileHandler' driver.
ALERT - 2023-06-05 07:32:23 --> {"order":[{"order_id":"179","sID":"19","order_title":"BScCNSE","status_message":"Successfully received the VISA payment","amount":null,"payment_id":"320032342058"},{"order_id":"185","sID":"19","order_title":"DIPSN","status_message":"Successfully received the VISA payment","amount":"2500","payment_id":"320032342080"},{"order_id":"186","sID":"19","order_title":"BScCNSE","status_message":"Successfully received the VISA payment","amount":"1500","payment_id":"320032342081"},{"order_id":"205","sID":"19","order_title":"CDFS","status_message":"Successfully received the VISA payment","amount":"4575","payment_id":"320032342193"},{"order_id":"206","sID":"19","order_title":"DIPSN","status_message":"Successfully received the MASTER payment","amount":"2500","payment_id":"320032342438"},{"order_id":"211","sID":"19","order_title":"CDFS","status_message":"Successfully received the VISA payment","amount":"4575","payment_id":"320032342440"}]}
ALERT - 2023-06-05 07:32:29 --> 206
INFO - 2023-06-05 07:35:25 --> Session: Class initialized using 'CodeIgniter\Session\Handlers\FileHandler' driver.
INFO - 2023-06-05 07:35:26 --> Session: Class initialized using 'CodeIgniter\Session\Handlers\FileHandler' driver.
INFO - 2023-06-05 07:35:26 --> Session: Class initialized using 'CodeIgniter\Session\Handlers\FileHandler' driver.
ALERT - 2023-06-05 07:35:27 --> {"order":[{"order_id":"179","sID":"19","order_title":"BScCNSE","status_message":"Successfully received the VISA payment","amount":null,"payment_id":"320032342058"},{"order_id":"185","sID":"19","order_title":"DIPSN","status_message":"Successfully received the VISA payment","amount":"2500","payment_id":"320032342080"},{"order_id":"186","sID":"19","order_title":"BScCNSE","status_message":"Successfully received the VISA payment","amount":"1500","payment_id":"320032342081"},{"order_id":"205","sID":"19","order_title":"CDFS","status_message":"Successfully received the VISA payment","amount":"4575","payment_id":"320032342193"},{"order_id":"206","sID":"19","order_title":"DIPSN","status_message":"Successfully received the MASTER payment","amount":"2500","payment_id":"320032342438"},{"order_id":"211","sID":"19","order_title":"CDFS","status_message":"Successfully received the VISA payment","amount":"4575","payment_id":"320032342440"}]}
ALERT - 2023-06-05 07:35:33 --> 206
INFO - 2023-06-05 07:46:10 --> Session: Class initialized using 'CodeIgniter\Session\Handlers\FileHandler' driver.
INFO - 2023-06-05 07:46:10 --> Session: Class initialized using 'CodeIgniter\Session\Handlers\FileHandler' driver.
INFO - 2023-06-05 07:46:10 --> Session: Class initialized using 'CodeIgniter\Session\Handlers\FileHandler' driver.
ALERT - 2023-06-05 07:46:12 --> {"order":[{"order_id":"179","sID":"19","order_title":"BScCNSE","status_message":"Successfully received the VISA payment","amount":null,"payment_id":"320032342058"},{"order_id":"185","sID":"19","order_title":"DIPSN","status_message":"Successfully received the VISA payment","amount":"2500","payment_id":"320032342080"},{"order_id":"186","sID":"19","order_title":"BScCNSE","status_message":"Successfully received the VISA payment","amount":"1500","payment_id":"320032342081"},{"order_id":"205","sID":"19","order_title":"CDFS","status_message":"Successfully received the VISA payment","amount":"4575","payment_id":"320032342193"},{"order_id":"206","sID":"19","order_title":"DIPSN","status_message":"Successfully received the MASTER payment","amount":"2500","payment_id":"320032342438"},{"order_id":"211","sID":"19","order_title":"CDFS","status_message":"Successfully received the VISA payment","amount":"4575","payment_id":"320032342440"}]}
INFO - 2023-06-05 07:46:15 --> Session: Class initialized using 'CodeIgniter\Session\Handlers\FileHandler' driver.
INFO - 2023-06-05 07:46:15 --> Session: Class initialized using 'CodeIgniter\Session\Handlers\FileHandler' driver.
INFO - 2023-06-05 07:46:16 --> Session: Class initialized using 'CodeIgniter\Session\Handlers\FileHandler' driver.
ALERT - 2023-06-05 07:46:17 --> {"order":[{"order_id":"179","sID":"19","order_title":"BScCNSE","status_message":"Successfully received the VISA payment","amount":null,"payment_id":"320032342058"},{"order_id":"185","sID":"19","order_title":"DIPSN","status_message":"Successfully received the VISA payment","amount":"2500","payment_id":"320032342080"},{"order_id":"186","sID":"19","order_title":"BScCNSE","status_message":"Successfully received the VISA payment","amount":"1500","payment_id":"320032342081"},{"order_id":"205","sID":"19","order_title":"CDFS","status_message":"Successfully received the VISA payment","amount":"4575","payment_id":"320032342193"},{"order_id":"206","sID":"19","order_title":"DIPSN","status_message":"Successfully received the MASTER payment","amount":"2500","payment_id":"320032342438"},{"order_id":"211","sID":"19","order_title":"CDFS","status_message":"Successfully received the VISA payment","amount":"4575","payment_id":"320032342440"}]}
ALERT - 2023-06-05 07:46:19 --> 206
INFO - 2023-06-05 07:47:33 --> Session: Class initialized using 'CodeIgniter\Session\Handlers\FileHandler' driver.
INFO - 2023-06-05 07:47:33 --> Session: Class initialized using 'CodeIgniter\Session\Handlers\FileHandler' driver.
INFO - 2023-06-05 07:47:34 --> Session: Class initialized using 'CodeIgniter\Session\Handlers\FileHandler' driver.
ALERT - 2023-06-05 07:47:35 --> {"order":[{"order_id":"179","sID":"19","order_title":"BScCNSE","status_message":"Successfully received the VISA payment","amount":null,"payment_id":"320032342058"},{"order_id":"185","sID":"19","order_title":"DIPSN","status_message":"Successfully received the VISA payment","amount":"2500","payment_id":"320032342080"},{"order_id":"186","sID":"19","order_title":"BScCNSE","status_message":"Successfully received the VISA payment","amount":"1500","payment_id":"320032342081"},{"order_id":"205","sID":"19","order_title":"CDFS","status_message":"Successfully received the VISA payment","amount":"4575","payment_id":"320032342193"},{"order_id":"206","sID":"19","order_title":"DIPSN","status_message":"Successfully received the MASTER payment","amount":"2500","payment_id":"320032342438"},{"order_id":"211","sID":"19","order_title":"CDFS","status_message":"Successfully received the VISA payment","amount":"4575","payment_id":"320032342440"}]}
ALERT - 2023-06-05 07:47:38 --> 206
ALERT - 2023-06-05 07:47:41 --> 206
INFO - 2023-06-05 07:51:25 --> Session: Class initialized using 'CodeIgniter\Session\Handlers\FileHandler' driver.
INFO - 2023-06-05 07:51:25 --> Session: Class initialized using 'CodeIgniter\Session\Handlers\FileHandler' driver.
INFO - 2023-06-05 07:51:25 --> Session: Class initialized using 'CodeIgniter\Session\Handlers\FileHandler' driver.
ALERT - 2023-06-05 07:51:27 --> {"order":[{"order_id":"179","sID":"19","order_title":"BScCNSE","status_message":"Successfully received the VISA payment","amount":null,"payment_id":"320032342058"},{"order_id":"185","sID":"19","order_title":"DIPSN","status_message":"Successfully received the VISA payment","amount":"2500","payment_id":"320032342080"},{"order_id":"186","sID":"19","order_title":"BScCNSE","status_message":"Successfully received the VISA payment","amount":"1500","payment_id":"320032342081"},{"order_id":"205","sID":"19","order_title":"CDFS","status_message":"Successfully received the VISA payment","amount":"4575","payment_id":"320032342193"},{"order_id":"206","sID":"19","order_title":"DIPSN","status_message":"Successfully received the MASTER payment","amount":"2500","payment_id":"320032342438"},{"order_id":"211","sID":"19","order_title":"CDFS","status_message":"Successfully received the VISA payment","amount":"4575","payment_id":"320032342440"}]}
INFO - 2023-06-05 07:51:34 --> Session: Class initialized using 'CodeIgniter\Session\Handlers\FileHandler' driver.
INFO - 2023-06-05 07:51:34 --> Session: Class initialized using 'CodeIgniter\Session\Handlers\FileHandler' driver.
INFO - 2023-06-05 07:51:34 --> Session: Class initialized using 'CodeIgniter\Session\Handlers\FileHandler' driver.
ALERT - 2023-06-05 07:51:35 --> {"order":[{"order_id":"179","sID":"19","order_title":"BScCNSE","status_message":"Successfully received the VISA payment","amount":null,"payment_id":"320032342058"},{"order_id":"185","sID":"19","order_title":"DIPSN","status_message":"Successfully received the VISA payment","amount":"2500","payment_id":"320032342080"},{"order_id":"186","sID":"19","order_title":"BScCNSE","status_message":"Successfully received the VISA payment","amount":"1500","payment_id":"320032342081"},{"order_id":"205","sID":"19","order_title":"CDFS","status_message":"Successfully received the VISA payment","amount":"4575","payment_id":"320032342193"},{"order_id":"206","sID":"19","order_title":"DIPSN","status_message":"Successfully received the MASTER payment","amount":"2500","payment_id":"320032342438"},{"order_id":"211","sID":"19","order_title":"CDFS","status_message":"Successfully received the VISA payment","amount":"4575","payment_id":"320032342440"}]}
INFO - 2023-06-05 07:53:35 --> Session: Class initialized using 'CodeIgniter\Session\Handlers\FileHandler' driver.
ALERT - 2023-06-05 07:53:35 --> 179
ALERT - 2023-06-05 07:53:37 --> {"order_id":"179","order_title":"BScCNSE","amount":null,"customer_token":"F30380F3A58EB8846478F2C976E515C6","Authorization":"d7bf3cf8-1261-4788-8d9b-3cfb97f0ced5"}
ALERT - 2023-06-05 07:53:37 --> {"order_id":"179","order_title":"BScCNSE","amount":null,"customer_token":"F30380F3A58EB8846478F2C976E515C6","Authorization":"d7bf3cf8-1261-4788-8d9b-3cfb97f0ced5"}
ALERT - 2023-06-05 07:53:37 --> 179
ALERT - 2023-06-05 07:53:37 --> {"order_id":"179","order_title":"BScCNSE","amount":null,"customer_token":"F30380F3A58EB8846478F2C976E515C6","Authorization":"d7bf3cf8-1261-4788-8d9b-3cfb97f0ced5"}
ALERT - 2023-06-05 07:53:41 --> {"type":"PAYMENT","order_id":"179","items":"Course Fee","currency":"LKR","amount":0,"customer_token":"F30380F3A58EB8846478F2C976E515C6","custom_1":"ddd","custom_2":"sss","notify_url":"https:\/\/ci4ajax.herokuapp.com\/client\/verifyOrder","itemList":[{"name":"BScCNSE","number":"1","quantity":"1","unit_amount":"null"}]}
INFO - 2023-06-05 07:53:54 --> Session: Class initialized using 'CodeIgniter\Session\Handlers\FileHandler' driver.
ALERT - 2023-06-05 07:53:54 --> 211
ALERT - 2023-06-05 07:53:56 --> {"order_id":"211","order_title":"CDFS","amount":"4575","customer_token":"3FD9A914469E333D429E516187C6316E","Authorization":"d7bf3cf8-1261-4788-8d9b-3cfb97f0ced5"}
ALERT - 2023-06-05 07:53:56 --> {"order_id":"211","order_title":"CDFS","amount":"4575","customer_token":"3FD9A914469E333D429E516187C6316E","Authorization":"d7bf3cf8-1261-4788-8d9b-3cfb97f0ced5"}
ALERT - 2023-06-05 07:53:56 --> 211
ALERT - 2023-06-05 07:53:57 --> {"order_id":"211","order_title":"CDFS","amount":"4575","customer_token":"3FD9A914469E333D429E516187C6316E","Authorization":"d7bf3cf8-1261-4788-8d9b-3cfb97f0ced5"}
INFO - 2023-06-05 07:54:00 --> Session: Class initialized using 'CodeIgniter\Session\Handlers\FileHandler' driver.
ALERT - 2023-06-05 07:54:00 --> 205
ALERT - 2023-06-05 07:54:01 --> {"order_id":"205","order_title":"CDFS","amount":"4575","customer_token":"415EBD18E44D4F018950DFF13D6CFEA0","Authorization":"d7bf3cf8-1261-4788-8d9b-3cfb97f0ced5"}
ALERT - 2023-06-05 07:54:01 --> {"order_id":"205","order_title":"CDFS","amount":"4575","customer_token":"415EBD18E44D4F018950DFF13D6CFEA0","Authorization":"d7bf3cf8-1261-4788-8d9b-3cfb97f0ced5"}
ALERT - 2023-06-05 07:54:01 --> 205
ALERT - 2023-06-05 07:54:02 --> {"order_id":"205","order_title":"CDFS","amount":"4575","customer_token":"415EBD18E44D4F018950DFF13D6CFEA0","Authorization":"d7bf3cf8-1261-4788-8d9b-3cfb97f0ced5"}
ALERT - 2023-06-05 07:54:05 --> {"type":"PAYMENT","order_id":"179","items":"Course Fee","currency":"LKR","amount":0,"customer_token":"F30380F3A58EB8846478F2C976E515C6","custom_1":"ddd","custom_2":"sss","notify_url":"https:\/\/ci4ajax.herokuapp.com\/client\/verifyOrder","itemList":[{"name":"BScCNSE","number":"1","quantity":"1","unit_amount":"null"}]}
INFO - 2023-06-05 07:54:09 --> Session: Class initialized using 'CodeIgniter\Session\Handlers\FileHandler' driver.
INFO - 2023-06-05 07:54:10 --> Session: Class initialized using 'CodeIgniter\Session\Handlers\FileHandler' driver.
INFO - 2023-06-05 07:54:10 --> Session: Class initialized using 'CodeIgniter\Session\Handlers\FileHandler' driver.
ALERT - 2023-06-05 07:54:12 --> {"order":[{"order_id":"179","sID":"19","order_title":"BScCNSE","status_message":"Successfully received the VISA payment","amount":null,"payment_id":"320032342058"},{"order_id":"185","sID":"19","order_title":"DIPSN","status_message":"Successfully received the VISA payment","amount":"2500","payment_id":"320032342080"},{"order_id":"186","sID":"19","order_title":"BScCNSE","status_message":"Successfully received the VISA payment","amount":"1500","payment_id":"320032342081"},{"order_id":"205","sID":"19","order_title":"CDFS","status_message":"Successfully received the VISA payment","amount":"4575","payment_id":"320032342193"},{"order_id":"206","sID":"19","order_title":"DIPSN","status_message":"Successfully received the MASTER payment","amount":"2500","payment_id":"320032342438"},{"order_id":"211","sID":"19","order_title":"CDFS","status_message":"Successfully received the VISA payment","amount":"4575","payment_id":"320032342440"}]}
INFO - 2023-06-05 07:54:13 --> Session: Class initialized using 'CodeIgniter\Session\Handlers\FileHandler' driver.
ALERT - 2023-06-05 07:54:13 --> 206
ALERT - 2023-06-05 07:54:14 --> {"order_id":"206","order_title":"DIPSN","amount":"2500","customer_token":"166470B569D720CDE548D6A684305749","Authorization":"d7bf3cf8-1261-4788-8d9b-3cfb97f0ced5"}
ALERT - 2023-06-05 07:54:14 --> {"order_id":"206","order_title":"DIPSN","amount":"2500","customer_token":"166470B569D720CDE548D6A684305749","Authorization":"d7bf3cf8-1261-4788-8d9b-3cfb97f0ced5"}
ALERT - 2023-06-05 07:54:14 --> 206
ALERT - 2023-06-05 07:54:15 --> {"order_id":"206","order_title":"DIPSN","amount":"2500","customer_token":"166470B569D720CDE548D6A684305749","Authorization":"d7bf3cf8-1261-4788-8d9b-3cfb97f0ced5"}
ALERT - 2023-06-05 07:54:17 --> {"type":"PAYMENT","order_id":"206","items":"Course Fee","currency":"LKR","amount":2500,"customer_token":"166470B569D720CDE548D6A684305749","custom_1":"ddd","custom_2":"sss","notify_url":"https:\/\/ci4ajax.herokuapp.com\/client\/verifyOrder","itemList":[{"name":"DIPSN","number":"1","quantity":"1","unit_amount":"2500"}]}
INFO - 2023-06-05 08:41:39 --> Session: Class initialized using 'CodeIgniter\Session\Handlers\FileHandler' driver.
INFO - 2023-06-05 08:41:39 --> Session: Class initialized using 'CodeIgniter\Session\Handlers\FileHandler' driver.
INFO - 2023-06-05 08:41:49 --> Session: Class initialized using 'CodeIgniter\Session\Handlers\FileHandler' driver.
INFO - 2023-06-05 08:42:00 --> Session: Class initialized using 'CodeIgniter\Session\Handlers\FileHandler' driver.
INFO - 2023-06-05 08:42:00 --> Session: Class initialized using 'CodeIgniter\Session\Handlers\FileHandler' driver.
ALERT - 2023-06-05 08:42:02 --> {"course":[{"id":"6","cID":"IT100","Department":"CNSE","Course":"BScCNSE","fee":"1500"},{"id":"7","cID":"IT101","Department":"DIP","Course":"DIPSN","fee":"2500"},{"id":"8","cID":"IT201","Department":"CSSE","Course":"BSc IN CS","fee":"1250"},{"id":"10","cID":"SE205","Department":"dsadsa","Course":"sdafsfd","fee":"2131120"},{"id":"11","cID":"IT102","Department":"asdas","Course":"asdas","fee":"232"},{"id":"14","cID":"IT500","Department":"DSS","Course":"CDFS","fee":"4575"}]}
INFO - 2023-06-05 09:14:01 --> Session: Class initialized using 'CodeIgniter\Session\Handlers\FileHandler' driver.
ALERT - 2023-06-05 09:14:03 --> {"course":[{"id":"6","cID":"IT100","Department":"CNSE","Course":"BScCNSE","fee":"1500"},{"id":"7","cID":"IT101","Department":"DIP","Course":"DIPSN","fee":"2500"},{"id":"8","cID":"IT201","Department":"CSSE","Course":"BSc IN CS","fee":"1250"},{"id":"10","cID":"SE205","Department":"dsadsa","Course":"sdafsfd","fee":"2131120"},{"id":"11","cID":"IT102","Department":"asdas","Course":"asdas","fee":"232"},{"id":"14","cID":"IT500","Department":"DSS","Course":"CDFS","fee":"4575"}]}
INFO - 2023-06-05 09:14:05 --> Session: Class initialized using 'CodeIgniter\Session\Handlers\FileHandler' driver.
INFO - 2023-06-05 09:14:27 --> Session: Class initialized using 'CodeIgniter\Session\Handlers\FileHandler' driver.
ALERT - 2023-06-05 09:14:30 --> {"course":[{"id":"6","cID":"IT100","Department":"CNSE","Course":"BScCNSE","fee":"1500"},{"id":"7","cID":"IT101","Department":"DIP","Course":"DIPSN","fee":"2500"},{"id":"8","cID":"IT201","Department":"CSSE","Course":"BSc IN CS","fee":"1250"},{"id":"10","cID":"SE205","Department":"dsadsa","Course":"sdafsfd","fee":"2131120"},{"id":"11","cID":"IT102","Department":"asdas","Course":"asdas","fee":"232"},{"id":"14","cID":"IT500","Department":"DSS","Course":"CDFS","fee":"4575"}]}
INFO - 2023-06-05 09:14:30 --> Session: Class initialized using 'CodeIgniter\Session\Handlers\FileHandler' driver.
ALERT - 2023-06-05 09:14:32 --> {"course":[{"id":"6","cID":"IT100","Department":"CNSE","Course":"BScCNSE","fee":"1500"},{"id":"7","cID":"IT101","Department":"DIP","Course":"DIPSN","fee":"2500"},{"id":"8","cID":"IT201","Department":"CSSE","Course":"BSc IN CS","fee":"1250"},{"id":"10","cID":"SE205","Department":"dsadsa","Course":"sdafsfd","fee":"2131120"},{"id":"11","cID":"IT102","Department":"asdas","Course":"asdas","fee":"232"},{"id":"14","cID":"IT500","Department":"DSS","Course":"CDFS","fee":"4575"}]}
INFO - 2023-06-05 09:14:38 --> Session: Class initialized using 'CodeIgniter\Session\Handlers\FileHandler' driver.
INFO - 2023-06-05 09:15:51 --> Session: Class initialized using 'CodeIgniter\Session\Handlers\FileHandler' driver.
ALERT - 2023-06-05 09:15:53 --> {"course":[{"id":"6","cID":"IT100","Department":"CNSE","Course":"BScCNSE","fee":"1500"},{"id":"7","cID":"IT101","Department":"DIP","Course":"DIPSN","fee":"2500"},{"id":"8","cID":"IT201","Department":"CSSE","Course":"BSc IN CS","fee":"1250"},{"id":"10","cID":"SE205","Department":"dsadsa","Course":"sdafsfd","fee":"2131120"},{"id":"11","cID":"IT102","Department":"asdas","Course":"asdas","fee":"232"},{"id":"14","cID":"IT500","Department":"DSS","Course":"CDFS","fee":"4575"}]}
INFO - 2023-06-05 09:15:54 --> Session: Class initialized using 'CodeIgniter\Session\Handlers\FileHandler' driver.
ALERT - 2023-06-05 09:15:56 --> {"course":[{"id":"6","cID":"IT100","Department":"CNSE","Course":"BScCNSE","fee":"1500"},{"id":"7","cID":"IT101","Department":"DIP","Course":"DIPSN","fee":"2500"},{"id":"8","cID":"IT201","Department":"CSSE","Course":"BSc IN CS","fee":"1250"},{"id":"10","cID":"SE205","Department":"dsadsa","Course":"sdafsfd","fee":"2131120"},{"id":"11","cID":"IT102","Department":"asdas","Course":"asdas","fee":"232"},{"id":"14","cID":"IT500","Department":"DSS","Course":"CDFS","fee":"4575"}]}
INFO - 2023-06-05 09:15:56 --> Session: Class initialized using 'CodeIgniter\Session\Handlers\FileHandler' driver.
INFO - 2023-06-05 09:16:39 --> Session: Class initialized using 'CodeIgniter\Session\Handlers\FileHandler' driver.
ALERT - 2023-06-05 09:16:41 --> {"course":[{"id":"6","cID":"IT100","Department":"CNSE","Course":"BScCNSE","fee":"1500"},{"id":"7","cID":"IT101","Department":"DIP","Course":"DIPSN","fee":"2500"},{"id":"8","cID":"IT201","Department":"CSSE","Course":"BSc IN CS","fee":"1250"},{"id":"10","cID":"SE205","Department":"dsadsa","Course":"sdafsfd","fee":"2131120"},{"id":"11","cID":"IT102","Department":"asdas","Course":"asdas","fee":"232"},{"id":"14","cID":"IT500","Department":"DSS","Course":"CDFS","fee":"4575"}]}
INFO - 2023-06-05 09:16:44 --> Session: Class initialized using 'CodeIgniter\Session\Handlers\FileHandler' driver.
INFO - 2023-06-05 09:17:24 --> Session: Class initialized using 'CodeIgniter\Session\Handlers\FileHandler' driver.
ALERT - 2023-06-05 09:17:26 --> {"course":[{"id":"6","cID":"IT100","Department":"CNSE","Course":"BScCNSE","fee":"1500"},{"id":"7","cID":"IT101","Department":"DIP","Course":"DIPSN","fee":"2500"},{"id":"8","cID":"IT201","Department":"CSSE","Course":"BSc IN CS","fee":"1250"},{"id":"10","cID":"SE205","Department":"dsadsa","Course":"sdafsfd","fee":"2131120"},{"id":"11","cID":"IT102","Department":"asdas","Course":"asdas","fee":"232"},{"id":"14","cID":"IT500","Department":"DSS","Course":"CDFS","fee":"4575"}]}
INFO - 2023-06-05 09:17:28 --> Session: Class initialized using 'CodeIgniter\Session\Handlers\FileHandler' driver.
INFO - 2023-06-05 09:18:07 --> Session: Class initialized using 'CodeIgniter\Session\Handlers\FileHandler' driver.
ALERT - 2023-06-05 09:18:09 --> {"course":[{"id":"6","cID":"IT100","Department":"CNSE","Course":"BScCNSE","fee":"1500"},{"id":"7","cID":"IT101","Department":"DIP","Course":"DIPSN","fee":"2500"},{"id":"8","cID":"IT201","Department":"CSSE","Course":"BSc IN CS","fee":"1250"},{"id":"10","cID":"SE205","Department":"dsadsa","Course":"sdafsfd","fee":"2131120"},{"id":"11","cID":"IT102","Department":"asdas","Course":"asdas","fee":"232"},{"id":"14","cID":"IT500","Department":"DSS","Course":"CDFS","fee":"4575"}]}
INFO - 2023-06-05 09:18:12 --> Session: Class initialized using 'CodeIgniter\Session\Handlers\FileHandler' driver.
