INFO - 2023-06-01 06:39:59 --> Session: Class initialized using 'CodeIgniter\Session\Handlers\FileHandler' driver.
INFO - 2023-06-01 06:40:00 --> Session: Class initialized using 'CodeIgniter\Session\Handlers\FileHandler' driver.
INFO - 2023-06-01 06:40:00 --> Session: Class initialized using 'CodeIgniter\Session\Handlers\FileHandler' driver.
ALERT - 2023-06-01 06:40:02 --> {"order":[{"order_id":"179","sID":"19","order_title":"BScCNSE","status_message":"Successfully received the VISA payment","amount":null},{"order_id":"185","sID":"19","order_title":"DIPSN","status_message":"Successfully received the VISA payment","amount":"2500"},{"order_id":"186","sID":"19","order_title":"BScCNSE","status_message":"Successfully received the VISA payment","amount":"1500"},{"order_id":"205","sID":"19","order_title":"CDFS","status_message":"Successfully received the VISA payment","amount":"4575"}]}
INFO - 2023-06-01 06:40:03 --> Session: Class initialized using 'CodeIgniter\Session\Handlers\FileHandler' driver.
ALERT - 2023-06-01 06:40:04 --> 205
ALERT - 2023-06-01 06:40:06 --> {"order_id":"205","order_title":"CDFS","amount":"4575","customer_token":"415EBD18E44D4F018950DFF13D6CFEA0","Authorization":"d7bf3cf8-1261-4788-8d9b-3cfb97f0ced5"}
ALERT - 2023-06-01 06:40:06 --> {"order_id":"205","order_title":"CDFS","amount":"4575","customer_token":"415EBD18E44D4F018950DFF13D6CFEA0","Authorization":"d7bf3cf8-1261-4788-8d9b-3cfb97f0ced5"}
ALERT - 2023-06-01 06:40:06 --> 205
ALERT - 2023-06-01 06:40:06 --> {"order_id":"205","order_title":"CDFS","amount":"4575","customer_token":"415EBD18E44D4F018950DFF13D6CFEA0","Authorization":"d7bf3cf8-1261-4788-8d9b-3cfb97f0ced5"}
INFO - 2023-06-01 06:58:53 --> Session: Class initialized using 'CodeIgniter\Session\Handlers\FileHandler' driver.
INFO - 2023-06-01 06:58:54 --> Session: Class initialized using 'CodeIgniter\Session\Handlers\FileHandler' driver.
INFO - 2023-06-01 06:58:54 --> Session: Class initialized using 'CodeIgniter\Session\Handlers\FileHandler' driver.
ALERT - 2023-06-01 06:58:57 --> Array
(
    [0] => stdClass Object
        (
            [sID] => 32
            [firstName] => Yasith
            [lastName] => Chandula
            [email] => chandulayasith@gmail.com
            [birthday] => 2023-05-01
            [address] => Payagala
            [city] => Kalutara
            [contactNumber] => 0719682830
            [department] => CSSE
            [course] => BscInCS
            [password] => $2y$10$ZbJw3g9cFPs5/2jjh44zgubYsgBZiTcMRMGiJ41V1vcQGD7f.dFVy
        )

    [1] => stdClass Object
        (
            [sID] => 33
            [firstName] => Harith 
            [lastName] => Silva
            [email] => harith@gmail.com
            [birthday] => 2023-05-02
            [address] => Dodangoda
            [city] => Kalutara
            [contactNumber] => 0714436578
            [department] => Eng
            [course] => ECEng
            [password] => 
        )

    [2] => stdClass Object
        (
            [sID] => 34
            [firstName] => Janith
            [lastName] => Perera
            [email] => janithperera@gmail.com
            [birthday] => 2023-05-09
            [address] => Bandaragama
            [city] => Kalutara
            [contactNumber] => 0754436789
            [department] => DSS
            [course] => CDSS
            [password] => 
        )

)

INFO - 2023-06-01 06:58:57 --> Session: Class initialized using 'CodeIgniter\Session\Handlers\FileHandler' driver.
INFO - 2023-06-01 06:58:57 --> Session: Class initialized using 'CodeIgniter\Session\Handlers\FileHandler' driver.
INFO - 2023-06-01 06:58:57 --> Session: Class initialized using 'CodeIgniter\Session\Handlers\FileHandler' driver.
ALERT - 2023-06-01 06:58:59 --> {"order":[{"order_id":"179","sID":"19","order_title":"BScCNSE","status_message":"Successfully received the VISA payment","amount":null},{"order_id":"185","sID":"19","order_title":"DIPSN","status_message":"Successfully received the VISA payment","amount":"2500"},{"order_id":"186","sID":"19","order_title":"BScCNSE","status_message":"Successfully received the VISA payment","amount":"1500"},{"order_id":"205","sID":"19","order_title":"CDFS","status_message":"Successfully received the VISA payment","amount":"4575"}]}
INFO - 2023-06-01 06:59:03 --> Session: Class initialized using 'CodeIgniter\Session\Handlers\FileHandler' driver.
ALERT - 2023-06-01 06:59:03 --> 205
ALERT - 2023-06-01 06:59:06 --> {"order_id":"205","order_title":"CDFS","amount":"4575","customer_token":"415EBD18E44D4F018950DFF13D6CFEA0","Authorization":"d7bf3cf8-1261-4788-8d9b-3cfb97f0ced5"}
ALERT - 2023-06-01 06:59:06 --> {"order_id":"205","order_title":"CDFS","amount":"4575","customer_token":"415EBD18E44D4F018950DFF13D6CFEA0","Authorization":"d7bf3cf8-1261-4788-8d9b-3cfb97f0ced5"}
ALERT - 2023-06-01 06:59:06 --> 205
ALERT - 2023-06-01 06:59:06 --> {"order_id":"205","order_title":"CDFS","amount":"4575","customer_token":"415EBD18E44D4F018950DFF13D6CFEA0","Authorization":"d7bf3cf8-1261-4788-8d9b-3cfb97f0ced5"}
ALERT - 2023-06-01 06:59:08 --> {"type":"PAYMENT","order_id":"205","items":"Course Fee","currency":"LKR","amount":"4575","customer_token":"415EBD18E44D4F018950DFF13D6CFEA0","custom_1":"ddd","custom_2":"sss","notify_url":"https:\/\/ci4ajax.herokuapp.com\/client\/verifyOrder","itemList":["item1","dds","item2","dfd"]}
