INFO - 2023-05-30 03:57:07 --> Session: Class initialized using 'CodeIgniter\Session\Handlers\FileHandler' driver.
ALERT - 2023-05-30 03:57:07 --> {"order":[{"order_id":"179","sID":"19","order_title":"BScCNSE","status_message":"Successfully received the VISA payment","amount":null},{"order_id":"185","sID":"19","order_title":"DIPSN","status_message":"Successfully received the VISA payment","amount":"2500"},{"order_id":"186","sID":"19","order_title":"BScCNSE","status_message":"Successfully received the VISA payment","amount":"1500"}]}
INFO - 2023-05-30 03:57:18 --> Session: Class initialized using 'CodeIgniter\Session\Handlers\FileHandler' driver.
INFO - 2023-05-30 03:57:27 --> Session: Class initialized using 'CodeIgniter\Session\Handlers\FileHandler' driver.
INFO - 2023-05-30 03:57:35 --> Session: Class initialized using 'CodeIgniter\Session\Handlers\FileHandler' driver.
INFO - 2023-05-30 03:57:35 --> Session: Class initialized using 'CodeIgniter\Session\Handlers\FileHandler' driver.
INFO - 2023-05-30 03:57:37 --> Session: Class initialized using 'CodeIgniter\Session\Handlers\FileHandler' driver.
INFO - 2023-05-30 03:57:38 --> Session: Class initialized using 'CodeIgniter\Session\Handlers\FileHandler' driver.
INFO - 2023-05-30 03:57:38 --> Session: Class initialized using 'CodeIgniter\Session\Handlers\FileHandler' driver.
ALERT - 2023-05-30 03:57:38 --> {"course":[{"id":"6","cID":"IT100","Department":"CNSE","Course":"BScCNSE","fee":"1500"},{"id":"7","cID":"IT101","Department":"DIP","Course":"DIPSN","fee":"2500"},{"id":"8","cID":"IT201","Department":"CSSE","Course":"BSc IN CS","fee":"1250"},{"id":"10","cID":"SE205","Department":"dsadsa","Course":"sdafsfd","fee":"2131120"},{"id":"11","cID":"IT102","Department":"asdas","Course":"asdas","fee":"232"}]}
INFO - 2023-05-30 03:57:42 --> Session: Class initialized using 'CodeIgniter\Session\Handlers\FileHandler' driver.
ALERT - 2023-05-30 03:57:42 --> {"order":[{"order_id":"179","sID":"19","order_title":"BScCNSE","status_message":"Successfully received the VISA payment","amount":null},{"order_id":"185","sID":"19","order_title":"DIPSN","status_message":"Successfully received the VISA payment","amount":"2500"},{"order_id":"186","sID":"19","order_title":"BScCNSE","status_message":"Successfully received the VISA payment","amount":"1500"}]}
ALERT - 2023-05-30 03:57:44 --> 186
ALERT - 2023-05-30 03:57:44 --> {"order_id":"186","order_title":"BScCNSE","amount":"1500","customer_token":"14D61128AB70399B5C7B4D2B4B0F93B9","Authorization":"ab8c69c4-7b19-44b0-b360-039e5e097a72"}
ALERT - 2023-05-30 03:57:44 --> {"order_id":"186","order_title":"BScCNSE","amount":"1500","customer_token":"14D61128AB70399B5C7B4D2B4B0F93B9","Authorization":"ab8c69c4-7b19-44b0-b360-039e5e097a72"}
ALERT - 2023-05-30 03:57:44 --> 186
ALERT - 2023-05-30 03:57:44 --> {"order_id":"186","order_title":"BScCNSE","amount":"1500","customer_token":"14D61128AB70399B5C7B4D2B4B0F93B9","Authorization":"ab8c69c4-7b19-44b0-b360-039e5e097a72"}
INFO - 2023-05-30 03:58:12 --> Session: Class initialized using 'CodeIgniter\Session\Handlers\FileHandler' driver.
ALERT - 2023-05-30 03:58:12 --> {"order":[{"order_id":"179","sID":"19","order_title":"BScCNSE","status_message":"Successfully received the VISA payment","amount":null},{"order_id":"185","sID":"19","order_title":"DIPSN","status_message":"Successfully received the VISA payment","amount":"2500"},{"order_id":"186","sID":"19","order_title":"BScCNSE","status_message":"Successfully received the VISA payment","amount":"1500"}]}
ALERT - 2023-05-30 03:58:13 --> 186
ALERT - 2023-05-30 03:58:13 --> {"order_id":"186","order_title":"BScCNSE","amount":"1500","customer_token":"14D61128AB70399B5C7B4D2B4B0F93B9","Authorization":"ab8c69c4-7b19-44b0-b360-039e5e097a72"}
ALERT - 2023-05-30 03:58:13 --> {"order_id":"186","order_title":"BScCNSE","amount":"1500","customer_token":"14D61128AB70399B5C7B4D2B4B0F93B9","Authorization":"ab8c69c4-7b19-44b0-b360-039e5e097a72"}
ALERT - 2023-05-30 03:58:13 --> 186
ALERT - 2023-05-30 03:58:13 --> {"order_id":"186","order_title":"BScCNSE","amount":"1500","customer_token":"14D61128AB70399B5C7B4D2B4B0F93B9","Authorization":"ab8c69c4-7b19-44b0-b360-039e5e097a72"}
ALERT - 2023-05-30 04:01:14 --> 185
ALERT - 2023-05-30 04:01:14 --> {"order_id":"185","order_title":"DIPSN","amount":"2500","customer_token":"ED412E5AF2EC8318DE9015C74AF919B3","Authorization":"ab8c69c4-7b19-44b0-b360-039e5e097a72"}
ALERT - 2023-05-30 04:01:14 --> {"order_id":"185","order_title":"DIPSN","amount":"2500","customer_token":"ED412E5AF2EC8318DE9015C74AF919B3","Authorization":"ab8c69c4-7b19-44b0-b360-039e5e097a72"}
ALERT - 2023-05-30 04:01:14 --> 185
ALERT - 2023-05-30 04:01:14 --> {"order_id":"185","order_title":"DIPSN","amount":"2500","customer_token":"ED412E5AF2EC8318DE9015C74AF919B3","Authorization":"ab8c69c4-7b19-44b0-b360-039e5e097a72"}
ALERT - 2023-05-30 04:01:39 --> {"order":[{"order_id":"179","sID":"19","order_title":"BScCNSE","status_message":"Successfully received the VISA payment","amount":null},{"order_id":"185","sID":"19","order_title":"DIPSN","status_message":"Successfully received the VISA payment","amount":"2500"},{"order_id":"186","sID":"19","order_title":"BScCNSE","status_message":"Successfully received the VISA payment","amount":"1500"}]}
INFO - 2023-05-30 04:01:39 --> Session: Class initialized using 'CodeIgniter\Session\Handlers\FileHandler' driver.
ALERT - 2023-05-30 04:01:39 --> 179
ALERT - 2023-05-30 04:01:40 --> {"order_id":"179","order_title":"BScCNSE","amount":null,"customer_token":"F30380F3A58EB8846478F2C976E515C6","Authorization":"ab8c69c4-7b19-44b0-b360-039e5e097a72"}
ALERT - 2023-05-30 04:01:40 --> {"order_id":"179","order_title":"BScCNSE","amount":null,"customer_token":"F30380F3A58EB8846478F2C976E515C6","Authorization":"ab8c69c4-7b19-44b0-b360-039e5e097a72"}
ALERT - 2023-05-30 04:01:40 --> 179
ALERT - 2023-05-30 04:01:40 --> {"order_id":"179","order_title":"BScCNSE","amount":null,"customer_token":"F30380F3A58EB8846478F2C976E515C6","Authorization":"ab8c69c4-7b19-44b0-b360-039e5e097a72"}
ALERT - 2023-05-30 04:02:23 --> 179
ALERT - 2023-05-30 04:02:23 --> {"order_id":"179","order_title":"BScCNSE","amount":null,"customer_token":"F30380F3A58EB8846478F2C976E515C6","Authorization":"ab8c69c4-7b19-44b0-b360-039e5e097a72"}
ALERT - 2023-05-30 04:02:23 --> {"order_id":"179","order_title":"BScCNSE","amount":null,"customer_token":"F30380F3A58EB8846478F2C976E515C6","Authorization":"ab8c69c4-7b19-44b0-b360-039e5e097a72"}
ALERT - 2023-05-30 04:02:23 --> 179
ALERT - 2023-05-30 04:02:23 --> {"order_id":"179","order_title":"BScCNSE","amount":null,"customer_token":"F30380F3A58EB8846478F2C976E515C6","Authorization":"ab8c69c4-7b19-44b0-b360-039e5e097a72"}
ALERT - 2023-05-30 04:02:25 --> 185
ALERT - 2023-05-30 04:02:25 --> {"order_id":"185","order_title":"DIPSN","amount":"2500","customer_token":"ED412E5AF2EC8318DE9015C74AF919B3","Authorization":"ab8c69c4-7b19-44b0-b360-039e5e097a72"}
ALERT - 2023-05-30 04:02:25 --> {"order_id":"185","order_title":"DIPSN","amount":"2500","customer_token":"ED412E5AF2EC8318DE9015C74AF919B3","Authorization":"ab8c69c4-7b19-44b0-b360-039e5e097a72"}
ALERT - 2023-05-30 04:02:25 --> 185
ALERT - 2023-05-30 04:02:25 --> {"order_id":"185","order_title":"DIPSN","amount":"2500","customer_token":"ED412E5AF2EC8318DE9015C74AF919B3","Authorization":"ab8c69c4-7b19-44b0-b360-039e5e097a72"}
INFO - 2023-05-30 04:03:20 --> Session: Class initialized using 'CodeIgniter\Session\Handlers\FileHandler' driver.
ALERT - 2023-05-30 04:03:20 --> {"order":[{"order_id":"179","sID":"19","order_title":"BScCNSE","status_message":"Successfully received the VISA payment","amount":null},{"order_id":"185","sID":"19","order_title":"DIPSN","status_message":"Successfully received the VISA payment","amount":"2500"},{"order_id":"186","sID":"19","order_title":"BScCNSE","status_message":"Successfully received the VISA payment","amount":"1500"}]}
INFO - 2023-05-30 04:03:21 --> Session: Class initialized using 'CodeIgniter\Session\Handlers\FileHandler' driver.
ALERT - 2023-05-30 04:03:21 --> {"order":[{"order_id":"179","sID":"19","order_title":"BScCNSE","status_message":"Successfully received the VISA payment","amount":null},{"order_id":"185","sID":"19","order_title":"DIPSN","status_message":"Successfully received the VISA payment","amount":"2500"},{"order_id":"186","sID":"19","order_title":"BScCNSE","status_message":"Successfully received the VISA payment","amount":"1500"}]}
ALERT - 2023-05-30 04:03:22 --> 186
ALERT - 2023-05-30 04:03:22 --> {"order_id":"186","order_title":"BScCNSE","amount":"1500","customer_token":"14D61128AB70399B5C7B4D2B4B0F93B9","Authorization":"ab8c69c4-7b19-44b0-b360-039e5e097a72"}
ALERT - 2023-05-30 04:03:22 --> {"order_id":"186","order_title":"BScCNSE","amount":"1500","customer_token":"14D61128AB70399B5C7B4D2B4B0F93B9","Authorization":"ab8c69c4-7b19-44b0-b360-039e5e097a72"}
ALERT - 2023-05-30 04:03:22 --> 186
ALERT - 2023-05-30 04:03:22 --> {"order_id":"186","order_title":"BScCNSE","amount":"1500","customer_token":"14D61128AB70399B5C7B4D2B4B0F93B9","Authorization":"ab8c69c4-7b19-44b0-b360-039e5e097a72"}
INFO - 2023-05-30 04:38:26 --> Session: Class initialized using 'CodeIgniter\Session\Handlers\FileHandler' driver.
ALERT - 2023-05-30 04:38:26 --> {"order":[{"order_id":"179","sID":"19","order_title":"BScCNSE","status_message":"Successfully received the VISA payment","amount":null},{"order_id":"185","sID":"19","order_title":"DIPSN","status_message":"Successfully received the VISA payment","amount":"2500"},{"order_id":"186","sID":"19","order_title":"BScCNSE","status_message":"Successfully received the VISA payment","amount":"1500"}]}
ALERT - 2023-05-30 04:38:27 --> 185
ALERT - 2023-05-30 04:38:27 --> {"order_id":"185","order_title":"DIPSN","amount":"2500","customer_token":"ED412E5AF2EC8318DE9015C74AF919B3","Authorization":"ab8c69c4-7b19-44b0-b360-039e5e097a72"}
ALERT - 2023-05-30 04:38:27 --> {"order_id":"185","order_title":"DIPSN","amount":"2500","customer_token":"ED412E5AF2EC8318DE9015C74AF919B3","Authorization":"ab8c69c4-7b19-44b0-b360-039e5e097a72"}
ALERT - 2023-05-30 04:38:27 --> 185
ALERT - 2023-05-30 04:38:27 --> {"order_id":"185","order_title":"DIPSN","amount":"2500","customer_token":"ED412E5AF2EC8318DE9015C74AF919B3","Authorization":"ab8c69c4-7b19-44b0-b360-039e5e097a72"}
INFO - 2023-05-30 04:38:40 --> Session: Class initialized using 'CodeIgniter\Session\Handlers\FileHandler' driver.
INFO - 2023-05-30 04:38:45 --> Session: Class initialized using 'CodeIgniter\Session\Handlers\FileHandler' driver.
INFO - 2023-05-30 04:39:37 --> Session: Class initialized using 'CodeIgniter\Session\Handlers\FileHandler' driver.
INFO - 2023-05-30 04:40:10 --> Session: Class initialized using 'CodeIgniter\Session\Handlers\FileHandler' driver.
ALERT - 2023-05-30 04:40:10 --> {"order":[{"order_id":"179","sID":"19","order_title":"BScCNSE","status_message":"Successfully received the VISA payment","amount":null},{"order_id":"185","sID":"19","order_title":"DIPSN","status_message":"Successfully received the VISA payment","amount":"2500"},{"order_id":"186","sID":"19","order_title":"BScCNSE","status_message":"Successfully received the VISA payment","amount":"1500"}]}
ALERT - 2023-05-30 04:40:12 --> 186
ALERT - 2023-05-30 04:40:12 --> {"order_id":"186","order_title":"BScCNSE","amount":"1500","customer_token":"14D61128AB70399B5C7B4D2B4B0F93B9","Authorization":"ab8c69c4-7b19-44b0-b360-039e5e097a72"}
ALERT - 2023-05-30 04:40:12 --> {"order_id":"186","order_title":"BScCNSE","amount":"1500","customer_token":"14D61128AB70399B5C7B4D2B4B0F93B9","Authorization":"ab8c69c4-7b19-44b0-b360-039e5e097a72"}
ALERT - 2023-05-30 04:40:12 --> 186
ALERT - 2023-05-30 04:40:12 --> {"order_id":"186","order_title":"BScCNSE","amount":"1500","customer_token":"14D61128AB70399B5C7B4D2B4B0F93B9","Authorization":"ab8c69c4-7b19-44b0-b360-039e5e097a72"}
ALERT - 2023-05-30 04:53:20 --> 185
ALERT - 2023-05-30 04:53:20 --> {"order_id":"185","order_title":"DIPSN","amount":"2500","customer_token":"ED412E5AF2EC8318DE9015C74AF919B3","Authorization":"ab8c69c4-7b19-44b0-b360-039e5e097a72"}
ALERT - 2023-05-30 04:53:20 --> {"order_id":"185","order_title":"DIPSN","amount":"2500","customer_token":"ED412E5AF2EC8318DE9015C74AF919B3","Authorization":"ab8c69c4-7b19-44b0-b360-039e5e097a72"}
ALERT - 2023-05-30 04:53:20 --> 185
ALERT - 2023-05-30 04:53:20 --> {"order_id":"185","order_title":"DIPSN","amount":"2500","customer_token":"ED412E5AF2EC8318DE9015C74AF919B3","Authorization":"ab8c69c4-7b19-44b0-b360-039e5e097a72"}
INFO - 2023-05-30 04:53:30 --> Session: Class initialized using 'CodeIgniter\Session\Handlers\FileHandler' driver.
ALERT - 2023-05-30 04:53:30 --> {"order":[{"order_id":"179","sID":"19","order_title":"BScCNSE","status_message":"Successfully received the VISA payment","amount":null},{"order_id":"185","sID":"19","order_title":"DIPSN","status_message":"Successfully received the VISA payment","amount":"2500"},{"order_id":"186","sID":"19","order_title":"BScCNSE","status_message":"Successfully received the VISA payment","amount":"1500"}]}
ALERT - 2023-05-30 04:53:32 --> 186
ALERT - 2023-05-30 04:53:32 --> {"order_id":"186","order_title":"BScCNSE","amount":"1500","customer_token":"14D61128AB70399B5C7B4D2B4B0F93B9","Authorization":"ab8c69c4-7b19-44b0-b360-039e5e097a72"}
ALERT - 2023-05-30 04:53:32 --> {"order_id":"186","order_title":"BScCNSE","amount":"1500","customer_token":"14D61128AB70399B5C7B4D2B4B0F93B9","Authorization":"ab8c69c4-7b19-44b0-b360-039e5e097a72"}
ALERT - 2023-05-30 04:53:32 --> 186
ALERT - 2023-05-30 04:53:32 --> {"order_id":"186","order_title":"BScCNSE","amount":"1500","customer_token":"14D61128AB70399B5C7B4D2B4B0F93B9","Authorization":"ab8c69c4-7b19-44b0-b360-039e5e097a72"}
INFO - 2023-05-30 05:06:58 --> Session: Class initialized using 'CodeIgniter\Session\Handlers\FileHandler' driver.
ALERT - 2023-05-30 05:06:58 --> {"order":[{"order_id":"179","sID":"19","order_title":"BScCNSE","status_message":"Successfully received the VISA payment","amount":null},{"order_id":"185","sID":"19","order_title":"DIPSN","status_message":"Successfully received the VISA payment","amount":"2500"},{"order_id":"186","sID":"19","order_title":"BScCNSE","status_message":"Successfully received the VISA payment","amount":"1500"}]}
INFO - 2023-05-30 05:12:47 --> Session: Class initialized using 'CodeIgniter\Session\Handlers\FileHandler' driver.
ALERT - 2023-05-30 05:12:48 --> {"order":[{"order_id":"179","sID":"19","order_title":"BScCNSE","status_message":"Successfully received the VISA payment","amount":null},{"order_id":"185","sID":"19","order_title":"DIPSN","status_message":"Successfully received the VISA payment","amount":"2500"},{"order_id":"186","sID":"19","order_title":"BScCNSE","status_message":"Successfully received the VISA payment","amount":"1500"}]}
ALERT - 2023-05-30 05:12:49 --> 185
ALERT - 2023-05-30 05:12:49 --> {"order_id":"185","order_title":"DIPSN","amount":"2500","customer_token":"ED412E5AF2EC8318DE9015C74AF919B3","Authorization":"875f3e9a-1475-45f3-82ea-56bb64dae94e"}
ALERT - 2023-05-30 05:12:49 --> {"order_id":"185","order_title":"DIPSN","amount":"2500","customer_token":"ED412E5AF2EC8318DE9015C74AF919B3","Authorization":"875f3e9a-1475-45f3-82ea-56bb64dae94e"}
ALERT - 2023-05-30 05:12:49 --> 185
ALERT - 2023-05-30 05:12:49 --> {"order_id":"185","order_title":"DIPSN","amount":"2500","customer_token":"ED412E5AF2EC8318DE9015C74AF919B3","Authorization":"875f3e9a-1475-45f3-82ea-56bb64dae94e"}
